{"D:\\BE-NestJS-AppSeed\\src\\Common\\CommonModule.ts": {"path":"D:\\BE-NestJS-AppSeed\\src\\Common\\CommonModule.ts","statementMap":{"0":{"start":{"line":1,"column":0},"end":{"line":1,"column":40}},"1":{"start":{"line":2,"column":0},"end":{"line":2,"column":72}},"2":{"start":{"line":3,"column":0},"end":{"line":3,"column":73}},"3":{"start":{"line":4,"column":0},"end":{"line":4,"column":58}},"4":{"start":{"line":5,"column":0},"end":{"line":5,"column":80}},"5":{"start":{"line":11,"column":7},"end":{"line":11,"column":null}},"6":{"start":{"line":11,"column":13},"end":{"line":11,"column":25}},"7":{"start":{"line":11,"column":13},"end":{"line":11,"column":null}}},"fnMap":{},"branchMap":{},"s":{"0":1,"1":1,"2":1,"3":1,"4":1,"5":1,"6":1,"7":1},"f":{},"b":{}}
,"D:\\BE-NestJS-AppSeed\\src\\Common\\Constants\\ErrorCode.ts": {"path":"D:\\BE-NestJS-AppSeed\\src\\Common\\Constants\\ErrorCode.ts","statementMap":{"0":{"start":{"line":1,"column":0},"end":{"line":1,"column":null}},"1":{"start":{"line":2,"column":2},"end":{"line":2,"column":null}},"2":{"start":{"line":3,"column":2},"end":{"line":3,"column":null}},"3":{"start":{"line":4,"column":2},"end":{"line":4,"column":null}},"4":{"start":{"line":5,"column":2},"end":{"line":5,"column":null}},"5":{"start":{"line":6,"column":2},"end":{"line":6,"column":null}},"6":{"start":{"line":7,"column":2},"end":{"line":7,"column":null}},"7":{"start":{"line":8,"column":2},"end":{"line":8,"column":null}}},"fnMap":{"0":{"name":"(anonymous_0)","decl":{"start":{"line":1,"column":0},"end":{"line":1,"column":12}},"loc":{"start":{"line":1,"column":21},"end":{"line":9,"column":1}}}},"branchMap":{"0":{"loc":{"start":{"line":1,"column":12},"end":{"line":1,"column":null}},"type":"binary-expr","locations":[{"start":{"line":1,"column":12},"end":{"line":1,"column":21}},{"start":{"line":1,"column":21},"end":{"line":1,"column":null}}]}},"s":{"0":6,"1":6,"2":6,"3":6,"4":6,"5":6,"6":6,"7":6},"f":{"0":6},"b":{"0":[6,6]}}
,"D:\\BE-NestJS-AppSeed\\src\\Common\\Constants\\Role.ts": {"path":"D:\\BE-NestJS-AppSeed\\src\\Common\\Constants\\Role.ts","statementMap":{"0":{"start":{"line":1,"column":0},"end":{"line":1,"column":null}},"1":{"start":{"line":2,"column":2},"end":{"line":2,"column":null}},"2":{"start":{"line":3,"column":2},"end":{"line":3,"column":null}}},"fnMap":{"0":{"name":"(anonymous_0)","decl":{"start":{"line":1,"column":0},"end":{"line":1,"column":12}},"loc":{"start":{"line":1,"column":16},"end":{"line":4,"column":1}}}},"branchMap":{"0":{"loc":{"start":{"line":1,"column":12},"end":{"line":1,"column":null}},"type":"binary-expr","locations":[{"start":{"line":1,"column":12},"end":{"line":1,"column":16}},{"start":{"line":1,"column":16},"end":{"line":1,"column":null}}]}},"s":{"0":5,"1":5,"2":5},"f":{"0":5},"b":{"0":[5,5]}}
,"D:\\BE-NestJS-AppSeed\\src\\Common\\Exceptions\\AppException.ts": {"path":"D:\\BE-NestJS-AppSeed\\src\\Common\\Exceptions\\AppException.ts","statementMap":{"0":{"start":{"line":1,"column":0},"end":{"line":1,"column":44}},"1":{"start":{"line":2,"column":0},"end":{"line":2,"column":51}},"2":{"start":{"line":10,"column":4},"end":{"line":10,"column":19}},"3":{"start":{"line":11,"column":4},"end":{"line":11,"column":33}},"4":{"start":{"line":12,"column":4},"end":{"line":12,"column":31}},"5":{"start":{"line":13,"column":4},"end":{"line":13,"column":27}},"6":{"start":{"line":4,"column":0},"end":{"line":4,"column":13}},"7":{"start":{"line":19,"column":4},"end":{"line":19,"column":70}},"8":{"start":{"line":17,"column":0},"end":{"line":17,"column":13}},"9":{"start":{"line":25,"column":4},"end":{"line":25,"column":69}},"10":{"start":{"line":23,"column":0},"end":{"line":23,"column":13}},"11":{"start":{"line":31,"column":4},"end":{"line":31,"column":77}},"12":{"start":{"line":29,"column":0},"end":{"line":29,"column":13}},"13":{"start":{"line":37,"column":4},"end":{"line":37,"column":71}},"14":{"start":{"line":35,"column":0},"end":{"line":35,"column":13}},"15":{"start":{"line":43,"column":4},"end":{"line":43,"column":76}},"16":{"start":{"line":41,"column":0},"end":{"line":41,"column":13}}},"fnMap":{"0":{"name":"(anonymous_0)","decl":{"start":{"line":9,"column":2},"end":{"line":9,"column":14}},"loc":{"start":{"line":9,"column":90},"end":{"line":14,"column":3}}},"1":{"name":"(anonymous_1)","decl":{"start":{"line":18,"column":2},"end":{"line":18,"column":14}},"loc":{"start":{"line":18,"column":54},"end":{"line":20,"column":3}}},"2":{"name":"(anonymous_2)","decl":{"start":{"line":24,"column":2},"end":{"line":24,"column":14}},"loc":{"start":{"line":24,"column":53},"end":{"line":26,"column":3}}},"3":{"name":"(anonymous_3)","decl":{"start":{"line":30,"column":2},"end":{"line":30,"column":14}},"loc":{"start":{"line":30,"column":57},"end":{"line":32,"column":3}}},"4":{"name":"(anonymous_4)","decl":{"start":{"line":36,"column":2},"end":{"line":36,"column":14}},"loc":{"start":{"line":36,"column":54},"end":{"line":38,"column":3}}},"5":{"name":"(anonymous_5)","decl":{"start":{"line":42,"column":2},"end":{"line":42,"column":14}},"loc":{"start":{"line":42,"column":68},"end":{"line":44,"column":3}}}},"branchMap":{"0":{"loc":{"start":{"line":18,"column":14},"end":{"line":18,"column":35}},"type":"default-arg","locations":[{"start":{"line":18,"column":24},"end":{"line":18,"column":35}}]},"1":{"loc":{"start":{"line":24,"column":14},"end":{"line":24,"column":34}},"type":"default-arg","locations":[{"start":{"line":24,"column":24},"end":{"line":24,"column":34}}]},"2":{"loc":{"start":{"line":30,"column":14},"end":{"line":30,"column":38}},"type":"default-arg","locations":[{"start":{"line":30,"column":24},"end":{"line":30,"column":38}}]},"3":{"loc":{"start":{"line":36,"column":14},"end":{"line":36,"column":35}},"type":"default-arg","locations":[{"start":{"line":36,"column":24},"end":{"line":36,"column":35}}]},"4":{"loc":{"start":{"line":42,"column":14},"end":{"line":42,"column":49}},"type":"default-arg","locations":[{"start":{"line":42,"column":24},"end":{"line":42,"column":49}}]}},"s":{"0":6,"1":6,"2":4,"3":4,"4":4,"5":4,"6":6,"7":0,"8":6,"9":2,"10":6,"11":2,"12":6,"13":0,"14":6,"15":0,"16":6},"f":{"0":4,"1":0,"2":2,"3":2,"4":0,"5":0},"b":{"0":[0],"1":[0],"2":[0],"3":[0],"4":[0]}}
,"D:\\BE-NestJS-AppSeed\\src\\Common\\Filters\\GlobalExceptionFilter.ts": {"path":"D:\\BE-NestJS-AppSeed\\src\\Common\\Filters\\GlobalExceptionFilter.ts","statementMap":{"0":{"start":{"line":1,"column":0},"end":{"line":1,"column":98}},"1":{"start":{"line":3,"column":0},"end":{"line":3,"column":51}},"2":{"start":{"line":4,"column":0},"end":{"line":4,"column":58}},"3":{"start":{"line":5,"column":0},"end":{"line":5,"column":59}},"4":{"start":{"line":6,"column":0},"end":{"line":6,"column":67}},"5":{"start":{"line":9,"column":7},"end":{"line":73,"column":null}},"6":{"start":{"line":10,"column":31},"end":{"line":10,"column":47}},"7":{"start":{"line":13,"column":16},"end":{"line":13,"column":35}},"8":{"start":{"line":14,"column":21},"end":{"line":14,"column":48}},"9":{"start":{"line":15,"column":20},"end":{"line":15,"column":45}},"10":{"start":{"line":17,"column":34},"end":{"line":17,"column":62}},"11":{"start":{"line":19,"column":4},"end":{"line":25,"column":7}},"12":{"start":{"line":27,"column":4},"end":{"line":27,"column":61}},"13":{"start":{"line":31,"column":4},"end":{"line":36,"column":5}},"14":{"start":{"line":32,"column":6},"end":{"line":35,"column":8}},"15":{"start":{"line":38,"column":4},"end":{"line":48,"column":5}},"16":{"start":{"line":39,"column":25},"end":{"line":39,"column":46}},"17":{"start":{"line":40,"column":23},"end":{"line":40,"column":null}},"18":{"start":{"line":44,"column":22},"end":{"line":44,"column":60}},"19":{"start":{"line":45,"column":19},"end":{"line":45,"column":60}},"20":{"start":{"line":47,"column":6},"end":{"line":47,"column":88}},"21":{"start":{"line":50,"column":4},"end":{"line":53,"column":6}},"22":{"start":{"line":59,"column":4},"end":{"line":59,"column":54}},"23":{"start":{"line":59,"column":38},"end":{"line":59,"column":54}},"24":{"start":{"line":60,"column":4},"end":{"line":60,"column":76}},"25":{"start":{"line":60,"column":41},"end":{"line":60,"column":76}},"26":{"start":{"line":61,"column":4},"end":{"line":61,"column":70}},"27":{"start":{"line":61,"column":46},"end":{"line":61,"column":70}},"28":{"start":{"line":62,"column":4},"end":{"line":62,"column":28}},"29":{"start":{"line":66,"column":4},"end":{"line":66,"column":71}},"30":{"start":{"line":66,"column":43},"end":{"line":66,"column":71}},"31":{"start":{"line":67,"column":4},"end":{"line":67,"column":74}},"32":{"start":{"line":67,"column":44},"end":{"line":67,"column":74}},"33":{"start":{"line":68,"column":4},"end":{"line":68,"column":68}},"34":{"start":{"line":68,"column":41},"end":{"line":68,"column":68}},"35":{"start":{"line":69,"column":4},"end":{"line":69,"column":67}},"36":{"start":{"line":69,"column":41},"end":{"line":69,"column":67}},"37":{"start":{"line":70,"column":4},"end":{"line":70,"column":66}},"38":{"start":{"line":70,"column":40},"end":{"line":70,"column":66}},"39":{"start":{"line":71,"column":4},"end":{"line":71,"column":29}},"40":{"start":{"line":9,"column":13},"end":{"line":9,"column":34}},"41":{"start":{"line":9,"column":13},"end":{"line":73,"column":null}}},"fnMap":{"0":{"name":"(anonymous_2)","decl":{"start":{"line":10,"column":2},"end":{"line":10,"column":31}},"loc":{"start":{"line":10,"column":61},"end":{"line":10,"column":65}}},"1":{"name":"(anonymous_3)","decl":{"start":{"line":12,"column":9},"end":{"line":12,"column":14}},"loc":{"start":{"line":12,"column":54},"end":{"line":28,"column":3}}},"2":{"name":"(anonymous_4)","decl":{"start":{"line":30,"column":10},"end":{"line":30,"column":22}},"loc":{"start":{"line":30,"column":41},"end":{"line":54,"column":3}}},"3":{"name":"(anonymous_5)","decl":{"start":{"line":56,"column":10},"end":{"line":56,"column":33}},"loc":{"start":{"line":57,"column":91},"end":{"line":63,"column":3}}},"4":{"name":"(anonymous_6)","decl":{"start":{"line":65,"column":10},"end":{"line":65,"column":34}},"loc":{"start":{"line":65,"column":49},"end":{"line":72,"column":3}}}},"branchMap":{"0":{"loc":{"start":{"line":21,"column":11},"end":{"line":21,"column":45}},"type":"binary-expr","locations":[{"start":{"line":21,"column":11},"end":{"line":21,"column":30}},{"start":{"line":21,"column":34},"end":{"line":21,"column":45}}]},"1":{"loc":{"start":{"line":24,"column":13},"end":{"line":24,"column":69}},"type":"cond-expr","locations":[{"start":{"line":24,"column":42},"end":{"line":24,"column":57}},{"start":{"line":24,"column":60},"end":{"line":24,"column":69}}]},"2":{"loc":{"start":{"line":31,"column":4},"end":{"line":36,"column":5}},"type":"if","locations":[{"start":{"line":31,"column":4},"end":{"line":36,"column":5}}]},"3":{"loc":{"start":{"line":38,"column":4},"end":{"line":48,"column":5}},"type":"if","locations":[{"start":{"line":38,"column":4},"end":{"line":48,"column":5}}]},"4":{"loc":{"start":{"line":59,"column":4},"end":{"line":59,"column":54}},"type":"if","locations":[{"start":{"line":59,"column":4},"end":{"line":59,"column":54}}]},"5":{"loc":{"start":{"line":60,"column":4},"end":{"line":60,"column":76}},"type":"if","locations":[{"start":{"line":60,"column":4},"end":{"line":60,"column":76}}]},"6":{"loc":{"start":{"line":61,"column":4},"end":{"line":61,"column":70}},"type":"if","locations":[{"start":{"line":61,"column":4},"end":{"line":61,"column":70}}]},"7":{"loc":{"start":{"line":66,"column":4},"end":{"line":66,"column":71}},"type":"if","locations":[{"start":{"line":66,"column":4},"end":{"line":66,"column":71}}]},"8":{"loc":{"start":{"line":67,"column":4},"end":{"line":67,"column":74}},"type":"if","locations":[{"start":{"line":67,"column":4},"end":{"line":67,"column":74}}]},"9":{"loc":{"start":{"line":68,"column":4},"end":{"line":68,"column":68}},"type":"if","locations":[{"start":{"line":68,"column":4},"end":{"line":68,"column":68}}]},"10":{"loc":{"start":{"line":69,"column":4},"end":{"line":69,"column":67}},"type":"if","locations":[{"start":{"line":69,"column":4},"end":{"line":69,"column":67}}]},"11":{"loc":{"start":{"line":70,"column":4},"end":{"line":70,"column":66}},"type":"if","locations":[{"start":{"line":70,"column":4},"end":{"line":70,"column":66}}]}},"s":{"0":1,"1":1,"2":1,"3":1,"4":1,"5":1,"6":0,"7":0,"8":0,"9":0,"10":0,"11":0,"12":0,"13":0,"14":0,"15":0,"16":0,"17":0,"18":0,"19":0,"20":0,"21":0,"22":0,"23":0,"24":0,"25":0,"26":0,"27":0,"28":0,"29":0,"30":0,"31":0,"32":0,"33":0,"34":0,"35":0,"36":0,"37":0,"38":0,"39":0,"40":1,"41":1},"f":{"0":0,"1":0,"2":0,"3":0,"4":0},"b":{"0":[0,0],"1":[0,0],"2":[0],"3":[0],"4":[0],"5":[0],"6":[0],"7":[0],"8":[0],"9":[0],"10":[0],"11":[0]}}
,"D:\\BE-NestJS-AppSeed\\src\\Common\\Helpers\\Pagination.ts": {"path":"D:\\BE-NestJS-AppSeed\\src\\Common\\Helpers\\Pagination.ts","statementMap":{"0":{"start":{"line":23,"column":29},"end":{"line":41,"column":1}},"1":{"start":{"line":27,"column":26},"end":{"line":27,"column":55}},"2":{"start":{"line":28,"column":22},"end":{"line":28,"column":48}},"3":{"start":{"line":30,"column":18},"end":{"line":30,"column":33}},"4":{"start":{"line":31,"column":22},"end":{"line":31,"column":55}},"5":{"start":{"line":33,"column":15},"end":{"line":33,"column":78}},"6":{"start":{"line":34,"column":19},"end":{"line":36,"column":21}},"7":{"start":{"line":38,"column":15},"end":{"line":38,"column":36}},"8":{"start":{"line":40,"column":2},"end":{"line":40,"column":72}},"9":{"start":{"line":23,"column":13},"end":{"line":23,"column":29}},"10":{"start":{"line":43,"column":29},"end":{"line":54,"column":1}},"11":{"start":{"line":44,"column":21},"end":{"line":44,"column":66}},"12":{"start":{"line":45,"column":2},"end":{"line":53,"column":4}},"13":{"start":{"line":43,"column":13},"end":{"line":43,"column":29}}},"fnMap":{"0":{"name":"(anonymous_0)","decl":{"start":{"line":23,"column":29},"end":{"line":23,"column":null}},"loc":{"start":{"line":26,"column":68},"end":{"line":41,"column":1}}},"1":{"name":"(anonymous_1)","decl":{"start":{"line":43,"column":29},"end":{"line":43,"column":33}},"loc":{"start":{"line":43,"column":115},"end":{"line":54,"column":1}}}},"branchMap":{"0":{"loc":{"start":{"line":25,"column":2},"end":{"line":25,"column":33}},"type":"default-arg","locations":[{"start":{"line":25,"column":31},"end":{"line":25,"column":33}}]},"1":{"loc":{"start":{"line":27,"column":26},"end":{"line":27,"column":55}},"type":"binary-expr","locations":[{"start":{"line":27,"column":26},"end":{"line":27,"column":49}},{"start":{"line":27,"column":53},"end":{"line":27,"column":55}}]},"2":{"loc":{"start":{"line":28,"column":22},"end":{"line":28,"column":48}},"type":"binary-expr","locations":[{"start":{"line":28,"column":22},"end":{"line":28,"column":41}},{"start":{"line":28,"column":45},"end":{"line":28,"column":48}}]},"3":{"loc":{"start":{"line":30,"column":18},"end":{"line":30,"column":33}},"type":"binary-expr","locations":[{"start":{"line":30,"column":18},"end":{"line":30,"column":28}},{"start":{"line":30,"column":32},"end":{"line":30,"column":33}}]},"4":{"loc":{"start":{"line":31,"column":22},"end":{"line":31,"column":55}},"type":"binary-expr","locations":[{"start":{"line":31,"column":22},"end":{"line":31,"column":36}},{"start":{"line":31,"column":40},"end":{"line":31,"column":55}}]},"5":{"loc":{"start":{"line":33,"column":15},"end":{"line":33,"column":78}},"type":"cond-expr","locations":[{"start":{"line":33,"column":42},"end":{"line":33,"column":74}},{"start":{"line":33,"column":77},"end":{"line":33,"column":78}}]},"6":{"loc":{"start":{"line":34,"column":19},"end":{"line":36,"column":21}},"type":"cond-expr","locations":[{"start":{"line":35,"column":6},"end":{"line":35,"column":65}},{"start":{"line":36,"column":6},"end":{"line":36,"column":21}}]}},"s":{"0":1,"1":0,"2":0,"3":0,"4":0,"5":0,"6":0,"7":0,"8":0,"9":1,"10":1,"11":0,"12":0,"13":1},"f":{"0":0,"1":0},"b":{"0":[0],"1":[0,0],"2":[0,0],"3":[0,0],"4":[0,0],"5":[0,0],"6":[0,0]}}
,"D:\\BE-NestJS-AppSeed\\src\\Common\\Interceptors\\ResponseInterceptor.ts": {"path":"D:\\BE-NestJS-AppSeed\\src\\Common\\Interceptors\\ResponseInterceptor.ts","statementMap":{"0":{"start":{"line":1,"column":0},"end":{"line":1,"column":92}},"1":{"start":{"line":3,"column":0},"end":{"line":3,"column":37}},"2":{"start":{"line":4,"column":0},"end":{"line":4,"column":67}},"3":{"start":{"line":8,"column":22},"end":{"line":12,"column":1}},"4":{"start":{"line":9,"column":2},"end":{"line":9,"column":56}},"5":{"start":{"line":9,"column":43},"end":{"line":9,"column":56}},"6":{"start":{"line":10,"column":17},"end":{"line":10,"column":35}},"7":{"start":{"line":11,"column":2},"end":{"line":11,"column":89}},"8":{"start":{"line":15,"column":7},"end":{"line":24,"column":null}},"9":{"start":{"line":17,"column":4},"end":{"line":22,"column":6}},"10":{"start":{"line":19,"column":8},"end":{"line":19,"column":45}},"11":{"start":{"line":19,"column":33},"end":{"line":19,"column":45}},"12":{"start":{"line":20,"column":8},"end":{"line":20,"column":32}},"13":{"start":{"line":15,"column":13},"end":{"line":15,"column":32}},"14":{"start":{"line":15,"column":13},"end":{"line":24,"column":null}}},"fnMap":{"0":{"name":"(anonymous_1)","decl":{"start":{"line":8,"column":22},"end":{"line":8,"column":23}},"loc":{"start":{"line":8,"column":72},"end":{"line":12,"column":1}}},"1":{"name":"(anonymous_2)","decl":{"start":{"line":16,"column":9},"end":{"line":16,"column":18}},"loc":{"start":{"line":16,"column":64},"end":{"line":23,"column":3}}},"2":{"name":"(anonymous_3)","decl":{"start":{"line":18,"column":10},"end":{"line":18,"column":11}},"loc":{"start":{"line":18,"column":19},"end":{"line":21,"column":7}}}},"branchMap":{"0":{"loc":{"start":{"line":9,"column":2},"end":{"line":9,"column":56}},"type":"if","locations":[{"start":{"line":9,"column":2},"end":{"line":9,"column":56}}]},"1":{"loc":{"start":{"line":9,"column":6},"end":{"line":9,"column":41}},"type":"binary-expr","locations":[{"start":{"line":9,"column":6},"end":{"line":9,"column":12}},{"start":{"line":9,"column":16},"end":{"line":9,"column":41}}]},"2":{"loc":{"start":{"line":11,"column":9},"end":{"line":11,"column":88}},"type":"binary-expr","locations":[{"start":{"line":11,"column":9},"end":{"line":11,"column":44}},{"start":{"line":11,"column":49},"end":{"line":11,"column":65}},{"start":{"line":11,"column":69},"end":{"line":11,"column":87}}]},"3":{"loc":{"start":{"line":19,"column":8},"end":{"line":19,"column":45}},"type":"if","locations":[{"start":{"line":19,"column":8},"end":{"line":19,"column":45}}]}},"s":{"0":2,"1":2,"2":2,"3":2,"4":2,"5":0,"6":2,"7":2,"8":2,"9":2,"10":2,"11":1,"12":1,"13":2,"14":2},"f":{"0":2,"1":2,"2":2},"b":{"0":[0],"1":[2,2],"2":[2,1,0],"3":[1]}}
,"D:\\BE-NestJS-AppSeed\\src\\Common\\Logging\\LoggingService.ts": {"path":"D:\\BE-NestJS-AppSeed\\src\\Common\\Logging\\LoggingService.ts","statementMap":{"0":{"start":{"line":1,"column":0},"end":{"line":1,"column":52}},"1":{"start":{"line":4,"column":7},"end":{"line":26,"column":null}},"2":{"start":{"line":5,"column":19},"end":{"line":5,"column":46}},"3":{"start":{"line":14,"column":4},"end":{"line":14,"column":28}},"4":{"start":{"line":24,"column":4},"end":{"line":24,"column":74}},"5":{"start":{"line":4,"column":13},"end":{"line":4,"column":27}},"6":{"start":{"line":4,"column":13},"end":{"line":26,"column":null}}},"fnMap":{"0":{"name":"(anonymous_1)","decl":{"start":{"line":4,"column":7},"end":{"line":4,"column":13}},"loc":{"start":{"line":4,"column":7},"end":{"line":26,"column":1}}},"1":{"name":"(anonymous_2)","decl":{"start":{"line":7,"column":9},"end":{"line":7,"column":19}},"loc":{"start":{"line":13,"column":3},"end":{"line":15,"column":3}}},"2":{"name":"(anonymous_3)","decl":{"start":{"line":17,"column":9},"end":{"line":17,"column":17}},"loc":{"start":{"line":23,"column":3},"end":{"line":25,"column":3}}}},"branchMap":{},"s":{"0":1,"1":1,"2":0,"3":0,"4":0,"5":1,"6":1},"f":{"0":0,"1":0,"2":0},"b":{}}
,"D:\\BE-NestJS-AppSeed\\src\\Common\\Logging\\RequestLoggingInterceptor.ts": {"path":"D:\\BE-NestJS-AppSeed\\src\\Common\\Logging\\RequestLoggingInterceptor.ts","statementMap":{"0":{"start":{"line":1,"column":0},"end":{"line":1,"column":92}},"1":{"start":{"line":2,"column":0},"end":{"line":2,"column":51}},"2":{"start":{"line":3,"column":0},"end":{"line":3,"column":50}},"3":{"start":{"line":9,"column":7},"end":{"line":42,"column":null}},"4":{"start":{"line":10,"column":31},"end":{"line":10,"column":47}},"5":{"start":{"line":13,"column":22},"end":{"line":13,"column":32}},"6":{"start":{"line":14,"column":17},"end":{"line":14,"column":39}},"7":{"start":{"line":15,"column":20},"end":{"line":15,"column":50}},"8":{"start":{"line":16,"column":21},"end":{"line":16,"column":53}},"9":{"start":{"line":18,"column":4},"end":{"line":40,"column":6}},"10":{"start":{"line":20,"column":27},"end":{"line":20,"column":49}},"11":{"start":{"line":21,"column":8},"end":{"line":27,"column":11}},"12":{"start":{"line":30,"column":27},"end":{"line":30,"column":49}},"13":{"start":{"line":31,"column":8},"end":{"line":37,"column":11}},"14":{"start":{"line":38,"column":8},"end":{"line":38,"column":20}},"15":{"start":{"line":9,"column":13},"end":{"line":9,"column":38}},"16":{"start":{"line":9,"column":13},"end":{"line":42,"column":null}}},"fnMap":{"0":{"name":"(anonymous_2)","decl":{"start":{"line":10,"column":2},"end":{"line":10,"column":31}},"loc":{"start":{"line":10,"column":61},"end":{"line":10,"column":65}}},"1":{"name":"(anonymous_3)","decl":{"start":{"line":12,"column":9},"end":{"line":12,"column":18}},"loc":{"start":{"line":12,"column":63},"end":{"line":41,"column":3}}},"2":{"name":"(anonymous_4)","decl":{"start":{"line":19,"column":10},"end":{"line":19,"column":13}},"loc":{"start":{"line":19,"column":15},"end":{"line":28,"column":7}}},"3":{"name":"(anonymous_5)","decl":{"start":{"line":29,"column":17},"end":{"line":29,"column":18}},"loc":{"start":{"line":29,"column":27},"end":{"line":39,"column":7}}}},"branchMap":{"0":{"loc":{"start":{"line":22,"column":18},"end":{"line":22,"column":45}},"type":"binary-expr","locations":[{"start":{"line":22,"column":18},"end":{"line":22,"column":32}},{"start":{"line":22,"column":36},"end":{"line":22,"column":45}}]},"1":{"loc":{"start":{"line":23,"column":15},"end":{"line":23,"column":62}},"type":"binary-expr","locations":[{"start":{"line":23,"column":15},"end":{"line":23,"column":34}},{"start":{"line":23,"column":38},"end":{"line":23,"column":49}},{"start":{"line":23,"column":53},"end":{"line":23,"column":62}}]},"2":{"loc":{"start":{"line":24,"column":22},"end":{"line":24,"column":46}},"type":"binary-expr","locations":[{"start":{"line":24,"column":22},"end":{"line":24,"column":41}},{"start":{"line":24,"column":45},"end":{"line":24,"column":46}}]},"3":{"loc":{"start":{"line":32,"column":18},"end":{"line":32,"column":45}},"type":"binary-expr","locations":[{"start":{"line":32,"column":18},"end":{"line":32,"column":32}},{"start":{"line":32,"column":36},"end":{"line":32,"column":45}}]},"4":{"loc":{"start":{"line":33,"column":15},"end":{"line":33,"column":62}},"type":"binary-expr","locations":[{"start":{"line":33,"column":15},"end":{"line":33,"column":34}},{"start":{"line":33,"column":38},"end":{"line":33,"column":49}},{"start":{"line":33,"column":53},"end":{"line":33,"column":62}}]},"5":{"loc":{"start":{"line":34,"column":22},"end":{"line":34,"column":46}},"type":"binary-expr","locations":[{"start":{"line":34,"column":22},"end":{"line":34,"column":41}},{"start":{"line":34,"column":45},"end":{"line":34,"column":46}}]}},"s":{"0":1,"1":1,"2":1,"3":1,"4":0,"5":0,"6":0,"7":0,"8":0,"9":0,"10":0,"11":0,"12":0,"13":0,"14":0,"15":1,"16":1},"f":{"0":0,"1":0,"2":0,"3":0},"b":{"0":[0,0],"1":[0,0,0],"2":[0,0],"3":[0,0],"4":[0,0,0],"5":[0,0]}}
,"D:\\BE-NestJS-AppSeed\\src\\Common\\Responses\\ApiResponse.ts": {"path":"D:\\BE-NestJS-AppSeed\\src\\Common\\Responses\\ApiResponse.ts","statementMap":{"0":{"start":{"line":13,"column":26},"end":{"line":15,"column":1}},"1":{"start":{"line":14,"column":2},"end":{"line":14,"column":39}},"2":{"start":{"line":13,"column":13},"end":{"line":13,"column":26}},"3":{"start":{"line":17,"column":29},"end":{"line":19,"column":1}},"4":{"start":{"line":18,"column":2},"end":{"line":18,"column":44}},"5":{"start":{"line":17,"column":13},"end":{"line":17,"column":29}}},"fnMap":{"0":{"name":"(anonymous_0)","decl":{"start":{"line":13,"column":26},"end":{"line":13,"column":30}},"loc":{"start":{"line":13,"column":57},"end":{"line":15,"column":1}}},"1":{"name":"(anonymous_1)","decl":{"start":{"line":17,"column":29},"end":{"line":17,"column":30}},"loc":{"start":{"line":17,"column":72},"end":{"line":19,"column":1}}}},"branchMap":{},"s":{"0":2,"1":3,"2":2,"3":2,"4":0,"5":2},"f":{"0":3,"1":0},"b":{}}
,"D:\\BE-NestJS-AppSeed\\src\\Common\\Security\\Roles.ts": {"path":"D:\\BE-NestJS-AppSeed\\src\\Common\\Security\\Roles.ts","statementMap":{"0":{"start":{"line":1,"column":0},"end":{"line":1,"column":45}},"1":{"start":{"line":4,"column":13},"end":{"line":4,"column":33}},"2":{"start":{"line":6,"column":21},"end":{"line":6,"column":72}},"3":{"start":{"line":6,"column":43},"end":{"line":6,"column":72}},"4":{"start":{"line":6,"column":13},"end":{"line":6,"column":21}}},"fnMap":{"0":{"name":"(anonymous_0)","decl":{"start":{"line":6,"column":21},"end":{"line":6,"column":22}},"loc":{"start":{"line":6,"column":43},"end":{"line":6,"column":72}}}},"branchMap":{},"s":{"0":1,"1":1,"2":1,"3":1,"4":1},"f":{"0":1},"b":{}}
,"D:\\BE-NestJS-AppSeed\\src\\Common\\Security\\RolesGuard.ts": {"path":"D:\\BE-NestJS-AppSeed\\src\\Common\\Security\\RolesGuard.ts","statementMap":{"0":{"start":{"line":1,"column":0},"end":{"line":1,"column":75}},"1":{"start":{"line":2,"column":0},"end":{"line":2,"column":41}},"2":{"start":{"line":4,"column":0},"end":{"line":4,"column":36}},"3":{"start":{"line":9,"column":7},"end":{"line":25,"column":null}},"4":{"start":{"line":10,"column":31},"end":{"line":10,"column":42}},"5":{"start":{"line":13,"column":26},"end":{"line":16,"column":6}},"6":{"start":{"line":17,"column":4},"end":{"line":17,"column":66}},"7":{"start":{"line":17,"column":54},"end":{"line":17,"column":66}},"8":{"start":{"line":19,"column":20},"end":{"line":19,"column":75}},"9":{"start":{"line":20,"column":21},"end":{"line":20,"column":39}},"10":{"start":{"line":21,"column":4},"end":{"line":21,"column":32}},"11":{"start":{"line":21,"column":19},"end":{"line":21,"column":32}},"12":{"start":{"line":23,"column":4},"end":{"line":23,"column":44}},"13":{"start":{"line":9,"column":13},"end":{"line":9,"column":23}},"14":{"start":{"line":9,"column":13},"end":{"line":25,"column":null}}},"fnMap":{"0":{"name":"(anonymous_2)","decl":{"start":{"line":10,"column":2},"end":{"line":10,"column":31}},"loc":{"start":{"line":10,"column":51},"end":{"line":10,"column":55}}},"1":{"name":"(anonymous_3)","decl":{"start":{"line":12,"column":9},"end":{"line":12,"column":20}},"loc":{"start":{"line":12,"column":46},"end":{"line":24,"column":3}}}},"branchMap":{"0":{"loc":{"start":{"line":17,"column":4},"end":{"line":17,"column":66}},"type":"if","locations":[{"start":{"line":17,"column":4},"end":{"line":17,"column":66}}]},"1":{"loc":{"start":{"line":17,"column":8},"end":{"line":17,"column":52}},"type":"binary-expr","locations":[{"start":{"line":17,"column":8},"end":{"line":17,"column":22}},{"start":{"line":17,"column":26},"end":{"line":17,"column":52}}]},"2":{"loc":{"start":{"line":21,"column":4},"end":{"line":21,"column":32}},"type":"if","locations":[{"start":{"line":21,"column":4},"end":{"line":21,"column":32}}]}},"s":{"0":1,"1":1,"2":1,"3":1,"4":1,"5":0,"6":0,"7":0,"8":0,"9":0,"10":0,"11":0,"12":0,"13":1,"14":1},"f":{"0":1,"1":0},"b":{"0":[0],"1":[0,0],"2":[0]}}
,"D:\\BE-NestJS-AppSeed\\src\\Modules\\Authentication\\Application\\UseCases\\LoginUseCase.ts": {"path":"D:\\BE-NestJS-AppSeed\\src\\Modules\\Authentication\\Application\\UseCases\\LoginUseCase.ts","statementMap":{"0":{"start":{"line":6,"column":0},"end":{"line":6,"column":86}},"1":{"start":{"line":10,"column":21},"end":{"line":10,"column":52}},"2":{"start":{"line":11,"column":21},"end":{"line":11,"column":52}},"3":{"start":{"line":12,"column":21},"end":{"line":12,"column":48}},"4":{"start":{"line":16,"column":17},"end":{"line":16,"column":90}},"5":{"start":{"line":17,"column":4},"end":{"line":19,"column":5}},"6":{"start":{"line":18,"column":6},"end":{"line":18,"column":64}},"7":{"start":{"line":21,"column":15},"end":{"line":21,"column":84}},"8":{"start":{"line":22,"column":4},"end":{"line":24,"column":5}},"9":{"start":{"line":23,"column":6},"end":{"line":23,"column":64}},"10":{"start":{"line":26,"column":18},"end":{"line":30,"column":6}},"11":{"start":{"line":32,"column":4},"end":{"line":36,"column":6}},"12":{"start":{"line":8,"column":0},"end":{"line":8,"column":13}}},"fnMap":{"0":{"name":"(anonymous_0)","decl":{"start":{"line":9,"column":2},"end":{"line":9,"column":null}},"loc":{"start":{"line":12,"column":48},"end":{"line":13,"column":6}}},"1":{"name":"(anonymous_1)","decl":{"start":{"line":15,"column":9},"end":{"line":15,"column":14}},"loc":{"start":{"line":15,"column":40},"end":{"line":37,"column":3}}}},"branchMap":{"0":{"loc":{"start":{"line":17,"column":4},"end":{"line":19,"column":5}},"type":"if","locations":[{"start":{"line":17,"column":4},"end":{"line":19,"column":5}}]},"1":{"loc":{"start":{"line":17,"column":8},"end":{"line":17,"column":35}},"type":"binary-expr","locations":[{"start":{"line":17,"column":8},"end":{"line":17,"column":13}},{"start":{"line":17,"column":17},"end":{"line":17,"column":35}}]},"2":{"loc":{"start":{"line":22,"column":4},"end":{"line":24,"column":5}},"type":"if","locations":[{"start":{"line":22,"column":4},"end":{"line":24,"column":5}}]}},"s":{"0":2,"1":3,"2":3,"3":3,"4":3,"5":3,"6":1,"7":2,"8":2,"9":1,"10":1,"11":1,"12":2},"f":{"0":3,"1":3},"b":{"0":[1],"1":[3,2],"2":[1]}}
,"D:\\BE-NestJS-AppSeed\\src\\Modules\\Authentication\\Application\\UseCases\\RegisterUseCase.ts": {"path":"D:\\BE-NestJS-AppSeed\\src\\Modules\\Authentication\\Application\\UseCases\\RegisterUseCase.ts","statementMap":{"0":{"start":{"line":1,"column":0},"end":{"line":1,"column":36}},"1":{"start":{"line":2,"column":0},"end":{"line":2,"column":57}},"2":{"start":{"line":3,"column":0},"end":{"line":3,"column":79}},"3":{"start":{"line":4,"column":0},"end":{"line":4,"column":79}},"4":{"start":{"line":5,"column":0},"end":{"line":5,"column":71}},"5":{"start":{"line":14,"column":21},"end":{"line":14,"column":52}},"6":{"start":{"line":15,"column":21},"end":{"line":15,"column":52}},"7":{"start":{"line":16,"column":21},"end":{"line":16,"column":48}},"8":{"start":{"line":20,"column":18},"end":{"line":20,"column":59}},"9":{"start":{"line":21,"column":21},"end":{"line":21,"column":71}},"10":{"start":{"line":22,"column":4},"end":{"line":24,"column":5}},"11":{"start":{"line":23,"column":6},"end":{"line":23,"column":58}},"12":{"start":{"line":26,"column":25},"end":{"line":26,"column":73}},"13":{"start":{"line":28,"column":17},"end":{"line":36,"column":6}},"14":{"start":{"line":38,"column":20},"end":{"line":38,"column":58}},"15":{"start":{"line":39,"column":18},"end":{"line":43,"column":6}},"16":{"start":{"line":45,"column":4},"end":{"line":49,"column":6}},"17":{"start":{"line":12,"column":0},"end":{"line":12,"column":13}}},"fnMap":{"0":{"name":"(anonymous_0)","decl":{"start":{"line":13,"column":2},"end":{"line":13,"column":null}},"loc":{"start":{"line":16,"column":48},"end":{"line":17,"column":6}}},"1":{"name":"(anonymous_1)","decl":{"start":{"line":19,"column":9},"end":{"line":19,"column":14}},"loc":{"start":{"line":19,"column":43},"end":{"line":50,"column":3}}}},"branchMap":{"0":{"loc":{"start":{"line":22,"column":4},"end":{"line":24,"column":5}},"type":"if","locations":[{"start":{"line":22,"column":4},"end":{"line":24,"column":5}}]}},"s":{"0":2,"1":2,"2":2,"3":2,"4":2,"5":2,"6":2,"7":2,"8":2,"9":2,"10":2,"11":1,"12":1,"13":1,"14":1,"15":1,"16":1,"17":2},"f":{"0":2,"1":2},"b":{"0":[1]}}
,"D:\\BE-NestJS-AppSeed\\src\\Modules\\Authentication\\Presentation\\Controllers\\AuthController.ts": {"path":"D:\\BE-NestJS-AppSeed\\src\\Modules\\Authentication\\Presentation\\Controllers\\AuthController.ts","statementMap":{"0":{"start":{"line":1,"column":0},"end":{"line":1,"column":77}},"1":{"start":{"line":3,"column":0},"end":{"line":3,"column":57}},"2":{"start":{"line":4,"column":0},"end":{"line":4,"column":58}},"3":{"start":{"line":5,"column":0},"end":{"line":5,"column":68}},"4":{"start":{"line":6,"column":0},"end":{"line":6,"column":71}},"5":{"start":{"line":7,"column":0},"end":{"line":7,"column":77}},"6":{"start":{"line":8,"column":0},"end":{"line":8,"column":54}},"7":{"start":{"line":10,"column":0},"end":{"line":10,"column":56}},"8":{"start":{"line":11,"column":0},"end":{"line":11,"column":62}},"9":{"start":{"line":14,"column":7},"end":{"line":43,"column":null}},"10":{"start":{"line":16,"column":21},"end":{"line":16,"column":38}},"11":{"start":{"line":17,"column":21},"end":{"line":17,"column":35}},"12":{"start":{"line":22,"column":4},"end":{"line":22,"column":55}},"13":{"start":{"line":27,"column":4},"end":{"line":27,"column":52}},"14":{"start":{"line":33,"column":18},"end":{"line":33,"column":62}},"15":{"start":{"line":34,"column":4},"end":{"line":34,"column":85}},"16":{"start":{"line":41,"column":4},"end":{"line":41,"column":24}},"17":{"start":{"line":14,"column":13},"end":{"line":14,"column":27}},"18":{"start":{"line":21,"column":15},"end":{"line":23,"column":null}},"19":{"start":{"line":26,"column":15},"end":{"line":28,"column":null}},"20":{"start":{"line":32,"column":15},"end":{"line":35,"column":null}},"21":{"start":{"line":40,"column":15},"end":{"line":42,"column":null}},"22":{"start":{"line":14,"column":13},"end":{"line":43,"column":null}}},"fnMap":{"0":{"name":"(anonymous_4)","decl":{"start":{"line":15,"column":2},"end":{"line":15,"column":null}},"loc":{"start":{"line":17,"column":47},"end":{"line":18,"column":6}}},"1":{"name":"(anonymous_5)","decl":{"start":{"line":21,"column":9},"end":{"line":21,"column":14}},"loc":{"start":{"line":21,"column":56},"end":{"line":23,"column":3}}},"2":{"name":"(anonymous_6)","decl":{"start":{"line":26,"column":9},"end":{"line":26,"column":14}},"loc":{"start":{"line":26,"column":50},"end":{"line":28,"column":3}}},"3":{"name":"(anonymous_7)","decl":{"start":{"line":32,"column":9},"end":{"line":32,"column":14}},"loc":{"start":{"line":32,"column":41},"end":{"line":35,"column":3}}},"4":{"name":"(anonymous_8)","decl":{"start":{"line":40,"column":9},"end":{"line":40,"column":14}},"loc":{"start":{"line":40,"column":24},"end":{"line":42,"column":3}}}},"branchMap":{},"s":{"0":1,"1":1,"2":1,"3":1,"4":1,"5":1,"6":1,"7":1,"8":1,"9":1,"10":1,"11":1,"12":1,"13":1,"14":0,"15":0,"16":0,"17":1,"18":1,"19":1,"20":1,"21":1,"22":1},"f":{"0":1,"1":1,"2":1,"3":0,"4":0},"b":{}}
,"D:\\BE-NestJS-AppSeed\\src\\Modules\\Authentication\\Presentation\\Guards\\JwtAuthGuard.ts": {"path":"D:\\BE-NestJS-AppSeed\\src\\Modules\\Authentication\\Presentation\\Guards\\JwtAuthGuard.ts","statementMap":{"0":{"start":{"line":1,"column":0},"end":{"line":1,"column":44}},"1":{"start":{"line":2,"column":0},"end":{"line":2,"column":45}},"2":{"start":{"line":5,"column":7},"end":{"line":5,"column":null}},"3":{"start":{"line":5,"column":13},"end":{"line":5,"column":25}},"4":{"start":{"line":5,"column":13},"end":{"line":5,"column":null}}},"fnMap":{},"branchMap":{},"s":{"0":1,"1":1,"2":1,"3":1,"4":1},"f":{},"b":{}}
,"D:\\BE-NestJS-AppSeed\\src\\Modules\\Authentication\\Presentation\\Requests\\LoginRequest.ts": {"path":"D:\\BE-NestJS-AppSeed\\src\\Modules\\Authentication\\Presentation\\Requests\\LoginRequest.ts","statementMap":{"0":{"start":{"line":1,"column":0},"end":{"line":1,"column":75}},"1":{"start":{"line":3,"column":0},"end":{"line":3,"column":13}},"2":{"start":{"line":7,"column":9},"end":{"line":7,"column":null}},"3":{"start":{"line":12,"column":9},"end":{"line":12,"column":null}}},"fnMap":{},"branchMap":{},"s":{"0":1,"1":1,"2":1,"3":1},"f":{},"b":{}}
,"D:\\BE-NestJS-AppSeed\\src\\Modules\\Authentication\\Presentation\\Requests\\RegisterRequest.ts": {"path":"D:\\BE-NestJS-AppSeed\\src\\Modules\\Authentication\\Presentation\\Requests\\RegisterRequest.ts","statementMap":{"0":{"start":{"line":1,"column":0},"end":{"line":1,"column":75}},"1":{"start":{"line":3,"column":0},"end":{"line":3,"column":13}},"2":{"start":{"line":7,"column":9},"end":{"line":7,"column":null}},"3":{"start":{"line":12,"column":9},"end":{"line":12,"column":null}},"4":{"start":{"line":17,"column":9},"end":{"line":17,"column":null}},"5":{"start":{"line":22,"column":9},"end":{"line":22,"column":null}}},"fnMap":{},"branchMap":{},"s":{"0":1,"1":1,"2":1,"3":1,"4":1,"5":1},"f":{},"b":{}}
,"D:\\BE-NestJS-AppSeed\\src\\Modules\\Cache\\Application\\CacheFacade.ts": {"path":"D:\\BE-NestJS-AppSeed\\src\\Modules\\Cache\\Application\\CacheFacade.ts","statementMap":{"0":{"start":{"line":4,"column":31},"end":{"line":4,"column":58}},"1":{"start":{"line":7,"column":4},"end":{"line":7,"column":44}},"2":{"start":{"line":11,"column":4},"end":{"line":11,"column":56}},"3":{"start":{"line":15,"column":4},"end":{"line":15,"column":40}},"4":{"start":{"line":3,"column":0},"end":{"line":3,"column":13}}},"fnMap":{"0":{"name":"(anonymous_0)","decl":{"start":{"line":4,"column":2},"end":{"line":4,"column":31}},"loc":{"start":{"line":4,"column":58},"end":{"line":4,"column":62}}},"1":{"name":"(anonymous_1)","decl":{"start":{"line":6,"column":9},"end":{"line":6,"column":14}},"loc":{"start":{"line":6,"column":36},"end":{"line":8,"column":3}}},"2":{"name":"(anonymous_2)","decl":{"start":{"line":10,"column":9},"end":{"line":10,"column":14}},"loc":{"start":{"line":10,"column":72},"end":{"line":12,"column":3}}},"3":{"name":"(anonymous_3)","decl":{"start":{"line":14,"column":9},"end":{"line":14,"column":14}},"loc":{"start":{"line":14,"column":33},"end":{"line":16,"column":3}}}},"branchMap":{},"s":{"0":1,"1":1,"2":1,"3":1,"4":1},"f":{"0":1,"1":1,"2":1,"3":1},"b":{}}
,"D:\\BE-NestJS-AppSeed\\src\\Modules\\Cache\\Infrastructure\\InMemoryCacheService.ts": {"path":"D:\\BE-NestJS-AppSeed\\src\\Modules\\Cache\\Infrastructure\\InMemoryCacheService.ts","statementMap":{"0":{"start":{"line":1,"column":0},"end":{"line":1,"column":44}},"1":{"start":{"line":7,"column":7},"end":{"line":28,"column":null}},"2":{"start":{"line":8,"column":19},"end":{"line":8,"column":56}},"3":{"start":{"line":11,"column":17},"end":{"line":11,"column":36}},"4":{"start":{"line":12,"column":4},"end":{"line":12,"column":27}},"5":{"start":{"line":12,"column":15},"end":{"line":12,"column":27}},"6":{"start":{"line":13,"column":4},"end":{"line":16,"column":5}},"7":{"start":{"line":14,"column":6},"end":{"line":14,"column":29}},"8":{"start":{"line":15,"column":6},"end":{"line":15,"column":18}},"9":{"start":{"line":17,"column":4},"end":{"line":17,"column":22}},"10":{"start":{"line":21,"column":22},"end":{"line":21,"column":115}},"11":{"start":{"line":22,"column":4},"end":{"line":22,"column":64}},"12":{"start":{"line":26,"column":4},"end":{"line":26,"column":27}},"13":{"start":{"line":7,"column":13},"end":{"line":7,"column":33}},"14":{"start":{"line":7,"column":13},"end":{"line":28,"column":null}}},"fnMap":{"0":{"name":"(anonymous_1)","decl":{"start":{"line":7,"column":7},"end":{"line":7,"column":13}},"loc":{"start":{"line":7,"column":7},"end":{"line":28,"column":1}}},"1":{"name":"(anonymous_2)","decl":{"start":{"line":10,"column":9},"end":{"line":10,"column":14}},"loc":{"start":{"line":10,"column":30},"end":{"line":18,"column":3}}},"2":{"name":"(anonymous_3)","decl":{"start":{"line":20,"column":9},"end":{"line":20,"column":14}},"loc":{"start":{"line":20,"column":66},"end":{"line":23,"column":3}}},"3":{"name":"(anonymous_4)","decl":{"start":{"line":25,"column":9},"end":{"line":25,"column":14}},"loc":{"start":{"line":25,"column":33},"end":{"line":27,"column":3}}}},"branchMap":{"0":{"loc":{"start":{"line":12,"column":4},"end":{"line":12,"column":27}},"type":"if","locations":[{"start":{"line":12,"column":4},"end":{"line":12,"column":27}}]},"1":{"loc":{"start":{"line":13,"column":4},"end":{"line":16,"column":5}},"type":"if","locations":[{"start":{"line":13,"column":4},"end":{"line":16,"column":5}}]},"2":{"loc":{"start":{"line":13,"column":8},"end":{"line":13,"column":68}},"type":"binary-expr","locations":[{"start":{"line":13,"column":8},"end":{"line":13,"column":36}},{"start":{"line":13,"column":40},"end":{"line":13,"column":68}}]},"3":{"loc":{"start":{"line":21,"column":22},"end":{"line":21,"column":115}},"type":"cond-expr","locations":[{"start":{"line":21,"column":73},"end":{"line":21,"column":103}},{"start":{"line":21,"column":106},"end":{"line":21,"column":115}}]},"4":{"loc":{"start":{"line":21,"column":22},"end":{"line":21,"column":70}},"type":"binary-expr","locations":[{"start":{"line":21,"column":22},"end":{"line":21,"column":52}},{"start":{"line":21,"column":56},"end":{"line":21,"column":70}}]}},"s":{"0":1,"1":1,"2":4,"3":6,"4":6,"5":2,"6":4,"7":1,"8":1,"9":3,"10":3,"11":3,"12":1,"13":1,"14":1},"f":{"0":4,"1":6,"2":3,"3":1},"b":{"0":[2],"1":[1],"2":[4,3],"3":[1,2],"4":[3,1]}}
,"D:\\BE-NestJS-AppSeed\\src\\Modules\\Cache\\Infrastructure\\RedisCacheService.ts": {"path":"D:\\BE-NestJS-AppSeed\\src\\Modules\\Cache\\Infrastructure\\RedisCacheService.ts","statementMap":{"0":{"start":{"line":1,"column":0},"end":{"line":1,"column":61}},"1":{"start":{"line":2,"column":0},"end":{"line":2,"column":47}},"2":{"start":{"line":3,"column":0},"end":{"line":3,"column":28}},"3":{"start":{"line":7,"column":7},"end":{"line":43,"column":null}},"4":{"start":{"line":12,"column":16},"end":{"line":12,"column":54}},"5":{"start":{"line":13,"column":4},"end":{"line":13,"column":77}},"6":{"start":{"line":14,"column":4},"end":{"line":14,"column":83}},"7":{"start":{"line":18,"column":4},"end":{"line":22,"column":5}},"8":{"start":{"line":19,"column":6},"end":{"line":19,"column":30}},"9":{"start":{"line":26,"column":4},"end":{"line":26,"column":54}},"10":{"start":{"line":26,"column":43},"end":{"line":26,"column":52}},"11":{"start":{"line":27,"column":4},"end":{"line":27,"column":51}},"12":{"start":{"line":31,"column":4},"end":{"line":31,"column":54}},"13":{"start":{"line":31,"column":43},"end":{"line":31,"column":52}},"14":{"start":{"line":32,"column":4},"end":{"line":35,"column":5}},"15":{"start":{"line":33,"column":6},"end":{"line":33,"column":71}},"16":{"start":{"line":34,"column":6},"end":{"line":34,"column":13}},"17":{"start":{"line":36,"column":4},"end":{"line":36,"column":51}},"18":{"start":{"line":40,"column":4},"end":{"line":40,"column":54}},"19":{"start":{"line":40,"column":43},"end":{"line":40,"column":52}},"20":{"start":{"line":41,"column":4},"end":{"line":41,"column":44}},"21":{"start":{"line":7,"column":13},"end":{"line":7,"column":30}},"22":{"start":{"line":7,"column":13},"end":{"line":43,"column":null}}},"fnMap":{"0":{"name":"(anonymous_2)","decl":{"start":{"line":11,"column":2},"end":{"line":11,"column":14}},"loc":{"start":{"line":11,"column":42},"end":{"line":15,"column":3}}},"1":{"name":"(anonymous_3)","decl":{"start":{"line":17,"column":9},"end":{"line":17,"column":14}},"loc":{"start":{"line":17,"column":30},"end":{"line":23,"column":3}}},"2":{"name":"(anonymous_4)","decl":{"start":{"line":25,"column":9},"end":{"line":25,"column":14}},"loc":{"start":{"line":25,"column":30},"end":{"line":28,"column":3}}},"3":{"name":"(anonymous_5)","decl":{"start":{"line":26,"column":37},"end":{"line":26,"column":40}},"loc":{"start":{"line":26,"column":43},"end":{"line":26,"column":52}}},"4":{"name":"(anonymous_6)","decl":{"start":{"line":30,"column":9},"end":{"line":30,"column":14}},"loc":{"start":{"line":30,"column":66},"end":{"line":37,"column":3}}},"5":{"name":"(anonymous_7)","decl":{"start":{"line":31,"column":37},"end":{"line":31,"column":40}},"loc":{"start":{"line":31,"column":43},"end":{"line":31,"column":52}}},"6":{"name":"(anonymous_8)","decl":{"start":{"line":39,"column":9},"end":{"line":39,"column":14}},"loc":{"start":{"line":39,"column":33},"end":{"line":42,"column":3}}},"7":{"name":"(anonymous_9)","decl":{"start":{"line":40,"column":37},"end":{"line":40,"column":40}},"loc":{"start":{"line":40,"column":43},"end":{"line":40,"column":52}}}},"branchMap":{"0":{"loc":{"start":{"line":13,"column":18},"end":{"line":13,"column":76}},"type":"binary-expr","locations":[{"start":{"line":13,"column":18},"end":{"line":13,"column":62}},{"start":{"line":13,"column":66},"end":{"line":13,"column":76}}]},"1":{"loc":{"start":{"line":14,"column":27},"end":{"line":14,"column":58}},"type":"binary-expr","locations":[{"start":{"line":14,"column":27},"end":{"line":14,"column":30}},{"start":{"line":14,"column":34},"end":{"line":14,"column":58}}]},"2":{"loc":{"start":{"line":32,"column":4},"end":{"line":35,"column":5}},"type":"if","locations":[{"start":{"line":32,"column":4},"end":{"line":35,"column":5}}]},"3":{"loc":{"start":{"line":32,"column":8},"end":{"line":32,"column":56}},"type":"binary-expr","locations":[{"start":{"line":32,"column":8},"end":{"line":32,"column":38}},{"start":{"line":32,"column":42},"end":{"line":32,"column":56}}]}},"s":{"0":1,"1":1,"2":1,"3":1,"4":1,"5":1,"6":1,"7":1,"8":1,"9":1,"10":0,"11":1,"12":1,"13":0,"14":1,"15":1,"16":1,"17":0,"18":1,"19":0,"20":1,"21":1,"22":1},"f":{"0":1,"1":1,"2":1,"3":0,"4":1,"5":0,"6":1,"7":0},"b":{"0":[1,0],"1":[1,0],"2":[1],"3":[1,1]}}
,"D:\\BE-NestJS-AppSeed\\src\\Modules\\Email\\Application\\UseCases\\SendEmailUseCase.ts": {"path":"D:\\BE-NestJS-AppSeed\\src\\Modules\\Email\\Application\\UseCases\\SendEmailUseCase.ts","statementMap":{"0":{"start":{"line":4,"column":31},"end":{"line":4,"column":58}},"1":{"start":{"line":7,"column":4},"end":{"line":7,"column":42}},"2":{"start":{"line":3,"column":0},"end":{"line":3,"column":13}}},"fnMap":{"0":{"name":"(anonymous_0)","decl":{"start":{"line":4,"column":2},"end":{"line":4,"column":31}},"loc":{"start":{"line":4,"column":58},"end":{"line":4,"column":62}}},"1":{"name":"(anonymous_1)","decl":{"start":{"line":6,"column":9},"end":{"line":6,"column":14}},"loc":{"start":{"line":6,"column":48},"end":{"line":8,"column":3}}}},"branchMap":{},"s":{"0":1,"1":1,"2":1},"f":{"0":1,"1":1},"b":{}}
,"D:\\BE-NestJS-AppSeed\\src\\Modules\\Email\\Infrastructure\\SmtpEmailService.ts": {"path":"D:\\BE-NestJS-AppSeed\\src\\Modules\\Email\\Infrastructure\\SmtpEmailService.ts","statementMap":{"0":{"start":{"line":1,"column":0},"end":{"line":1,"column":44}},"1":{"start":{"line":2,"column":0},"end":{"line":2,"column":47}},"2":{"start":{"line":3,"column":0},"end":{"line":3,"column":36}},"3":{"start":{"line":7,"column":7},"end":{"line":38,"column":null}},"4":{"start":{"line":8,"column":31},"end":{"line":8,"column":46}},"5":{"start":{"line":11,"column":17},"end":{"line":11,"column":61}},"6":{"start":{"line":12,"column":17},"end":{"line":12,"column":68}},"7":{"start":{"line":13,"column":19},"end":{"line":13,"column":75}},"8":{"start":{"line":14,"column":21},"end":{"line":14,"column":69}},"9":{"start":{"line":15,"column":21},"end":{"line":15,"column":69}},"10":{"start":{"line":16,"column":17},"end":{"line":16,"column":61}},"11":{"start":{"line":18,"column":4},"end":{"line":21,"column":5}},"12":{"start":{"line":20,"column":6},"end":{"line":20,"column":13}},"13":{"start":{"line":23,"column":24},"end":{"line":28,"column":6}},"14":{"start":{"line":30,"column":4},"end":{"line":36,"column":7}},"15":{"start":{"line":7,"column":13},"end":{"line":7,"column":29}},"16":{"start":{"line":7,"column":13},"end":{"line":38,"column":null}}},"fnMap":{"0":{"name":"(anonymous_2)","decl":{"start":{"line":8,"column":2},"end":{"line":8,"column":31}},"loc":{"start":{"line":8,"column":59},"end":{"line":8,"column":63}}},"1":{"name":"(anonymous_3)","decl":{"start":{"line":10,"column":9},"end":{"line":10,"column":14}},"loc":{"start":{"line":10,"column":45},"end":{"line":37,"column":3}}}},"branchMap":{"0":{"loc":{"start":{"line":12,"column":17},"end":{"line":12,"column":68}},"type":"binary-expr","locations":[{"start":{"line":12,"column":17},"end":{"line":12,"column":61}},{"start":{"line":12,"column":65},"end":{"line":12,"column":68}}]},"1":{"loc":{"start":{"line":13,"column":19},"end":{"line":13,"column":75}},"type":"binary-expr","locations":[{"start":{"line":13,"column":19},"end":{"line":13,"column":66}},{"start":{"line":13,"column":70},"end":{"line":13,"column":75}}]},"2":{"loc":{"start":{"line":18,"column":4},"end":{"line":21,"column":5}},"type":"if","locations":[{"start":{"line":18,"column":4},"end":{"line":21,"column":5}}]},"3":{"loc":{"start":{"line":18,"column":8},"end":{"line":18,"column":22}},"type":"binary-expr","locations":[{"start":{"line":18,"column":8},"end":{"line":18,"column":13}},{"start":{"line":18,"column":17},"end":{"line":18,"column":22}}]},"4":{"loc":{"start":{"line":27,"column":12},"end":{"line":27,"column":81}},"type":"cond-expr","locations":[{"start":{"line":27,"column":35},"end":{"line":27,"column":69}},{"start":{"line":27,"column":72},"end":{"line":27,"column":81}}]},"5":{"loc":{"start":{"line":27,"column":12},"end":{"line":27,"column":32}},"type":"binary-expr","locations":[{"start":{"line":27,"column":12},"end":{"line":27,"column":20}},{"start":{"line":27,"column":24},"end":{"line":27,"column":32}}]}},"s":{"0":1,"1":1,"2":1,"3":1,"4":2,"5":2,"6":2,"7":2,"8":2,"9":2,"10":2,"11":2,"12":1,"13":1,"14":1,"15":1,"16":1},"f":{"0":2,"1":2},"b":{"0":[2,1],"1":[2,1],"2":[1],"3":[2,1],"4":[1,0],"5":[1,1]}}
,"D:\\BE-NestJS-AppSeed\\src\\Modules\\FileUpload\\Application\\UseCases\\UploadFileUseCase.ts": {"path":"D:\\BE-NestJS-AppSeed\\src\\Modules\\FileUpload\\Application\\UseCases\\UploadFileUseCase.ts","statementMap":{"0":{"start":{"line":1,"column":0},"end":{"line":1,"column":36}},"1":{"start":{"line":6,"column":19},"end":{"line":10,"column":1}},"2":{"start":{"line":7,"column":2},"end":{"line":7,"column":25}},"3":{"start":{"line":7,"column":15},"end":{"line":7,"column":25}},"4":{"start":{"line":8,"column":18},"end":{"line":8,"column":56}},"5":{"start":{"line":9,"column":2},"end":{"line":9,"column":58}},"6":{"start":{"line":12,"column":21},"end":{"line":19,"column":1}},"7":{"start":{"line":13,"column":18},"end":{"line":13,"column":45}},"8":{"start":{"line":14,"column":18},"end":{"line":14,"column":42}},"9":{"start":{"line":15,"column":2},"end":{"line":15,"column":30}},"10":{"start":{"line":15,"column":20},"end":{"line":15,"column":30}},"11":{"start":{"line":16,"column":14},"end":{"line":16,"column":36}},"12":{"start":{"line":17,"column":2},"end":{"line":17,"column":52}},"13":{"start":{"line":17,"column":42},"end":{"line":17,"column":52}},"14":{"start":{"line":18,"column":2},"end":{"line":18,"column":27}},"15":{"start":{"line":22,"column":31},"end":{"line":22,"column":56}},"16":{"start":{"line":25,"column":19},"end":{"line":25,"column":45}},"17":{"start":{"line":26,"column":22},"end":{"line":26,"column":56}},"18":{"start":{"line":27,"column":21},"end":{"line":27,"column":50}},"19":{"start":{"line":29,"column":18},"end":{"line":33,"column":6}},"20":{"start":{"line":35,"column":4},"end":{"line":41,"column":6}},"21":{"start":{"line":21,"column":0},"end":{"line":21,"column":13}}},"fnMap":{"0":{"name":"(anonymous_0)","decl":{"start":{"line":6,"column":19},"end":{"line":6,"column":20}},"loc":{"start":{"line":6,"column":58},"end":{"line":10,"column":1}}},"1":{"name":"(anonymous_1)","decl":{"start":{"line":12,"column":21},"end":{"line":12,"column":22}},"loc":{"start":{"line":12,"column":54},"end":{"line":19,"column":1}}},"2":{"name":"(anonymous_2)","decl":{"start":{"line":22,"column":2},"end":{"line":22,"column":31}},"loc":{"start":{"line":22,"column":56},"end":{"line":22,"column":60}}},"3":{"name":"(anonymous_3)","decl":{"start":{"line":24,"column":9},"end":{"line":24,"column":14}},"loc":{"start":{"line":24,"column":45},"end":{"line":42,"column":3}}}},"branchMap":{"0":{"loc":{"start":{"line":7,"column":2},"end":{"line":7,"column":25}},"type":"if","locations":[{"start":{"line":7,"column":2},"end":{"line":7,"column":25}}]},"1":{"loc":{"start":{"line":13,"column":19},"end":{"line":13,"column":37}},"type":"binary-expr","locations":[{"start":{"line":13,"column":19},"end":{"line":13,"column":31}},{"start":{"line":13,"column":35},"end":{"line":13,"column":37}}]},"2":{"loc":{"start":{"line":15,"column":2},"end":{"line":15,"column":30}},"type":"if","locations":[{"start":{"line":15,"column":2},"end":{"line":15,"column":30}}]},"3":{"loc":{"start":{"line":17,"column":2},"end":{"line":17,"column":52}},"type":"if","locations":[{"start":{"line":17,"column":2},"end":{"line":17,"column":52}}]}},"s":{"0":2,"1":2,"2":2,"3":0,"4":2,"5":2,"6":2,"7":2,"8":2,"9":2,"10":0,"11":2,"12":2,"13":1,"14":1,"15":2,"16":2,"17":2,"18":2,"19":2,"20":2,"21":2},"f":{"0":2,"1":2,"2":2,"3":2},"b":{"0":[0],"1":[2,0],"2":[0],"3":[1]}}
,"D:\\BE-NestJS-AppSeed\\src\\Modules\\FileUpload\\Infrastructure\\Storage\\LocalFileStorage.ts": {"path":"D:\\BE-NestJS-AppSeed\\src\\Modules\\FileUpload\\Infrastructure\\Storage\\LocalFileStorage.ts","statementMap":{"0":{"start":{"line":1,"column":0},"end":{"line":1,"column":44}},"1":{"start":{"line":2,"column":0},"end":{"line":2,"column":47}},"2":{"start":{"line":3,"column":0},"end":{"line":3,"column":25}},"3":{"start":{"line":4,"column":0},"end":{"line":4,"column":29}},"4":{"start":{"line":8,"column":7},"end":{"line":22,"column":null}},"5":{"start":{"line":9,"column":31},"end":{"line":9,"column":46}},"6":{"start":{"line":12,"column":20},"end":{"line":12,"column":77}},"7":{"start":{"line":13,"column":20},"end":{"line":13,"column":60}},"8":{"start":{"line":14,"column":4},"end":{"line":14,"column":47}},"9":{"start":{"line":16,"column":21},"end":{"line":16,"column":57}},"10":{"start":{"line":17,"column":4},"end":{"line":17,"column":59}},"11":{"start":{"line":19,"column":25},"end":{"line":19,"column":103}},"12":{"start":{"line":20,"column":4},"end":{"line":20,"column":70}},"13":{"start":{"line":8,"column":13},"end":{"line":8,"column":29}},"14":{"start":{"line":8,"column":13},"end":{"line":22,"column":null}}},"fnMap":{"0":{"name":"(anonymous_2)","decl":{"start":{"line":9,"column":2},"end":{"line":9,"column":31}},"loc":{"start":{"line":9,"column":59},"end":{"line":9,"column":63}}},"1":{"name":"(anonymous_3)","decl":{"start":{"line":11,"column":9},"end":{"line":11,"column":14}},"loc":{"start":{"line":11,"column":44},"end":{"line":21,"column":3}}}},"branchMap":{"0":{"loc":{"start":{"line":12,"column":20},"end":{"line":12,"column":77}},"type":"binary-expr","locations":[{"start":{"line":12,"column":20},"end":{"line":12,"column":64}},{"start":{"line":12,"column":68},"end":{"line":12,"column":77}}]},"1":{"loc":{"start":{"line":13,"column":39},"end":{"line":13,"column":59}},"type":"binary-expr","locations":[{"start":{"line":13,"column":39},"end":{"line":13,"column":53}},{"start":{"line":13,"column":57},"end":{"line":13,"column":59}}]},"2":{"loc":{"start":{"line":19,"column":44},"end":{"line":19,"column":64}},"type":"binary-expr","locations":[{"start":{"line":19,"column":44},"end":{"line":19,"column":58}},{"start":{"line":19,"column":62},"end":{"line":19,"column":64}}]}},"s":{"0":1,"1":1,"2":1,"3":1,"4":1,"5":1,"6":1,"7":1,"8":1,"9":1,"10":1,"11":1,"12":1,"13":1,"14":1},"f":{"0":1,"1":1},"b":{"0":[1,0],"1":[1,0],"2":[1,0]}}
,"D:\\BE-NestJS-AppSeed\\src\\Modules\\FileUpload\\Presentation\\Controllers\\FileUploadController.ts": {"path":"D:\\BE-NestJS-AppSeed\\src\\Modules\\FileUpload\\Presentation\\Controllers\\FileUploadController.ts","statementMap":{"0":{"start":{"line":1,"column":0},"end":{"line":1,"column":88}},"1":{"start":{"line":2,"column":0},"end":{"line":2,"column":59}},"2":{"start":{"line":3,"column":0},"end":{"line":3,"column":81}},"3":{"start":{"line":4,"column":0},"end":{"line":4,"column":54}},"4":{"start":{"line":7,"column":7},"end":{"line":21,"column":null}},"5":{"start":{"line":8,"column":31},"end":{"line":8,"column":50}},"6":{"start":{"line":13,"column":4},"end":{"line":19,"column":7}},"7":{"start":{"line":7,"column":13},"end":{"line":7,"column":33}},"8":{"start":{"line":12,"column":15},"end":{"line":20,"column":null}},"9":{"start":{"line":7,"column":13},"end":{"line":21,"column":null}}},"fnMap":{"0":{"name":"(anonymous_4)","decl":{"start":{"line":8,"column":2},"end":{"line":8,"column":31}},"loc":{"start":{"line":8,"column":67},"end":{"line":8,"column":71}}},"1":{"name":"(anonymous_5)","decl":{"start":{"line":12,"column":9},"end":{"line":12,"column":14}},"loc":{"start":{"line":12,"column":92},"end":{"line":20,"column":3}}}},"branchMap":{},"s":{"0":1,"1":1,"2":1,"3":1,"4":1,"5":1,"6":1,"7":1,"8":1,"9":1},"f":{"0":1,"1":1},"b":{}}
,"D:\\BE-NestJS-AppSeed\\src\\Modules\\FileUpload\\Presentation\\Requests\\UploadQuery.ts": {"path":"D:\\BE-NestJS-AppSeed\\src\\Modules\\FileUpload\\Presentation\\Requests\\UploadQuery.ts","statementMap":{"0":{"start":{"line":1,"column":0},"end":{"line":1,"column":66}},"1":{"start":{"line":3,"column":0},"end":{"line":3,"column":13}},"2":{"start":{"line":7,"column":9},"end":{"line":7,"column":null}}},"fnMap":{},"branchMap":{},"s":{"0":1,"1":1,"2":1},"f":{},"b":{}}
,"D:\\BE-NestJS-AppSeed\\src\\Modules\\Health\\Application\\UseCases\\GetLiveUseCase.ts": {"path":"D:\\BE-NestJS-AppSeed\\src\\Modules\\Health\\Application\\UseCases\\GetLiveUseCase.ts","statementMap":{"0":{"start":{"line":4,"column":31},"end":{"line":4,"column":60}},"1":{"start":{"line":7,"column":4},"end":{"line":7,"column":43}},"2":{"start":{"line":3,"column":0},"end":{"line":3,"column":13}}},"fnMap":{"0":{"name":"(anonymous_0)","decl":{"start":{"line":4,"column":2},"end":{"line":4,"column":31}},"loc":{"start":{"line":4,"column":60},"end":{"line":4,"column":64}}},"1":{"name":"(anonymous_1)","decl":{"start":{"line":6,"column":9},"end":{"line":6,"column":14}},"loc":{"start":{"line":6,"column":22},"end":{"line":8,"column":3}}}},"branchMap":{},"s":{"0":1,"1":1,"2":2},"f":{"0":1,"1":1},"b":{}}
,"D:\\BE-NestJS-AppSeed\\src\\Modules\\Health\\Application\\UseCases\\GetReadyUseCase.ts": {"path":"D:\\BE-NestJS-AppSeed\\src\\Modules\\Health\\Application\\UseCases\\GetReadyUseCase.ts","statementMap":{"0":{"start":{"line":4,"column":31},"end":{"line":4,"column":60}},"1":{"start":{"line":7,"column":4},"end":{"line":7,"column":44}},"2":{"start":{"line":3,"column":0},"end":{"line":3,"column":13}}},"fnMap":{"0":{"name":"(anonymous_0)","decl":{"start":{"line":4,"column":2},"end":{"line":4,"column":31}},"loc":{"start":{"line":4,"column":60},"end":{"line":4,"column":64}}},"1":{"name":"(anonymous_1)","decl":{"start":{"line":6,"column":9},"end":{"line":6,"column":14}},"loc":{"start":{"line":6,"column":22},"end":{"line":8,"column":3}}}},"branchMap":{},"s":{"0":1,"1":1,"2":2},"f":{"0":1,"1":1},"b":{}}
,"D:\\BE-NestJS-AppSeed\\src\\Modules\\Health\\Infrastructure\\Services\\HealthService.ts": {"path":"D:\\BE-NestJS-AppSeed\\src\\Modules\\Health\\Infrastructure\\Services\\HealthService.ts","statementMap":{"0":{"start":{"line":1,"column":0},"end":{"line":1,"column":44}},"1":{"start":{"line":2,"column":0},"end":{"line":2,"column":47}},"2":{"start":{"line":3,"column":0},"end":{"line":3,"column":51}},"3":{"start":{"line":4,"column":0},"end":{"line":4,"column":28}},"4":{"start":{"line":5,"column":0},"end":{"line":5,"column":37}},"5":{"start":{"line":9,"column":7},"end":{"line":68,"column":null}},"6":{"start":{"line":11,"column":41},"end":{"line":11,"column":53}},"7":{"start":{"line":12,"column":21},"end":{"line":12,"column":36}},"8":{"start":{"line":16,"column":4},"end":{"line":16,"column":28}},"9":{"start":{"line":20,"column":69},"end":{"line":52,"column":6}},"10":{"start":{"line":22,"column":8},"end":{"line":27,"column":9}},"11":{"start":{"line":23,"column":10},"end":{"line":23,"column":50}},"12":{"start":{"line":24,"column":10},"end":{"line":24,"column":34}},"13":{"start":{"line":26,"column":10},"end":{"line":26,"column":89}},"14":{"start":{"line":30,"column":22},"end":{"line":30,"column":39}},"15":{"start":{"line":31,"column":21},"end":{"line":31,"column":51}},"16":{"start":{"line":32,"column":8},"end":{"line":32,"column":108}},"17":{"start":{"line":35,"column":20},"end":{"line":35,"column":63}},"18":{"start":{"line":36,"column":8},"end":{"line":36,"column":47}},"19":{"start":{"line":36,"column":18},"end":{"line":36,"column":47}},"20":{"start":{"line":37,"column":22},"end":{"line":37,"column":59}},"21":{"start":{"line":38,"column":8},"end":{"line":50,"column":9}},"22":{"start":{"line":39,"column":10},"end":{"line":39,"column":32}},"23":{"start":{"line":40,"column":10},"end":{"line":40,"column":29}},"24":{"start":{"line":41,"column":10},"end":{"line":41,"column":34}},"25":{"start":{"line":43,"column":10},"end":{"line":43,"column":89}},"26":{"start":{"line":45,"column":10},"end":{"line":49,"column":11}},"27":{"start":{"line":46,"column":12},"end":{"line":46,"column":31}},"28":{"start":{"line":54,"column":55},"end":{"line":54,"column":57}},"29":{"start":{"line":55,"column":52},"end":{"line":55,"column":54}},"30":{"start":{"line":56,"column":53},"end":{"line":56,"column":55}},"31":{"start":{"line":58,"column":4},"end":{"line":63,"column":5}},"32":{"start":{"line":59,"column":21},"end":{"line":59,"column":40}},"33":{"start":{"line":60,"column":6},"end":{"line":60,"column":28}},"34":{"start":{"line":61,"column":6},"end":{"line":61,"column":84}},"35":{"start":{"line":61,"column":65},"end":{"line":61,"column":84}},"36":{"start":{"line":62,"column":6},"end":{"line":62,"column":56}},"37":{"start":{"line":62,"column":36},"end":{"line":62,"column":56}},"38":{"start":{"line":65,"column":42},"end":{"line":65,"column":88}},"39":{"start":{"line":66,"column":4},"end":{"line":66,"column":74}},"40":{"start":{"line":9,"column":13},"end":{"line":9,"column":26}},"41":{"start":{"line":9,"column":13},"end":{"line":68,"column":null}}},"fnMap":{"0":{"name":"(anonymous_4)","decl":{"start":{"line":10,"column":2},"end":{"line":10,"column":null}},"loc":{"start":{"line":12,"column":49},"end":{"line":13,"column":6}}},"1":{"name":"(anonymous_5)","decl":{"start":{"line":15,"column":9},"end":{"line":15,"column":14}},"loc":{"start":{"line":15,"column":19},"end":{"line":17,"column":3}}},"2":{"name":"(anonymous_6)","decl":{"start":{"line":19,"column":9},"end":{"line":19,"column":14}},"loc":{"start":{"line":19,"column":20},"end":{"line":67,"column":3}}},"3":{"name":"(anonymous_7)","decl":{"start":{"line":21,"column":13},"end":{"line":21,"column":18}},"loc":{"start":{"line":21,"column":24},"end":{"line":28,"column":7}}},"4":{"name":"(anonymous_8)","decl":{"start":{"line":29,"column":19},"end":{"line":29,"column":24}},"loc":{"start":{"line":29,"column":30},"end":{"line":33,"column":7}}},"5":{"name":"(anonymous_9)","decl":{"start":{"line":34,"column":13},"end":{"line":34,"column":18}},"loc":{"start":{"line":34,"column":24},"end":{"line":51,"column":7}}}},"branchMap":{"0":{"loc":{"start":{"line":26,"column":52},"end":{"line":26,"column":85}},"type":"binary-expr","locations":[{"start":{"line":26,"column":52},"end":{"line":26,"column":76}},{"start":{"line":26,"column":80},"end":{"line":26,"column":85}}]},"1":{"loc":{"start":{"line":32,"column":15},"end":{"line":32,"column":107}},"type":"cond-expr","locations":[{"start":{"line":32,"column":31},"end":{"line":32,"column":86}},{"start":{"line":32,"column":89},"end":{"line":32,"column":107}}]},"2":{"loc":{"start":{"line":36,"column":8},"end":{"line":36,"column":47}},"type":"if","locations":[{"start":{"line":36,"column":8},"end":{"line":36,"column":47}}]},"3":{"loc":{"start":{"line":43,"column":52},"end":{"line":43,"column":85}},"type":"binary-expr","locations":[{"start":{"line":43,"column":52},"end":{"line":43,"column":76}},{"start":{"line":43,"column":80},"end":{"line":43,"column":85}}]},"4":{"loc":{"start":{"line":61,"column":6},"end":{"line":61,"column":84}},"type":"if","locations":[{"start":{"line":61,"column":6},"end":{"line":61,"column":84}}]},"5":{"loc":{"start":{"line":61,"column":10},"end":{"line":61,"column":63}},"type":"binary-expr","locations":[{"start":{"line":61,"column":10},"end":{"line":61,"column":32}},{"start":{"line":61,"column":36},"end":{"line":61,"column":63}}]},"6":{"loc":{"start":{"line":62,"column":6},"end":{"line":62,"column":56}},"type":"if","locations":[{"start":{"line":62,"column":6},"end":{"line":62,"column":56}}]},"7":{"loc":{"start":{"line":65,"column":42},"end":{"line":65,"column":88}},"type":"cond-expr","locations":[{"start":{"line":65,"column":74},"end":{"line":65,"column":81}},{"start":{"line":65,"column":84},"end":{"line":65,"column":88}}]}},"s":{"0":1,"1":1,"2":1,"3":1,"4":1,"5":1,"6":3,"7":3,"8":1,"9":2,"10":2,"11":2,"12":1,"13":1,"14":2,"15":2,"16":2,"17":2,"18":2,"19":2,"20":0,"21":0,"22":0,"23":0,"24":0,"25":0,"26":0,"27":0,"28":2,"29":2,"30":2,"31":2,"32":6,"33":6,"34":6,"35":4,"36":6,"37":2,"38":2,"39":2,"40":1,"41":1},"f":{"0":3,"1":1,"2":2,"3":2,"4":2,"5":2},"b":{"0":[1,0],"1":[1,1],"2":[2],"3":[0,0],"4":[4],"5":[6,4],"6":[2],"7":[1,1]}}
,"D:\\BE-NestJS-AppSeed\\src\\Modules\\Health\\Presentation\\Controllers\\HealthController.ts": {"path":"D:\\BE-NestJS-AppSeed\\src\\Modules\\Health\\Presentation\\Controllers\\HealthController.ts","statementMap":{"0":{"start":{"line":1,"column":0},"end":{"line":1,"column":49}},"1":{"start":{"line":2,"column":0},"end":{"line":2,"column":75}},"2":{"start":{"line":3,"column":0},"end":{"line":3,"column":77}},"3":{"start":{"line":6,"column":7},"end":{"line":21,"column":null}},"4":{"start":{"line":8,"column":21},"end":{"line":8,"column":37}},"5":{"start":{"line":9,"column":21},"end":{"line":9,"column":38}},"6":{"start":{"line":14,"column":4},"end":{"line":14,"column":47}},"7":{"start":{"line":19,"column":4},"end":{"line":19,"column":48}},"8":{"start":{"line":6,"column":13},"end":{"line":6,"column":29}},"9":{"start":{"line":13,"column":15},"end":{"line":15,"column":null}},"10":{"start":{"line":18,"column":15},"end":{"line":20,"column":null}},"11":{"start":{"line":6,"column":13},"end":{"line":21,"column":null}}},"fnMap":{"0":{"name":"(anonymous_2)","decl":{"start":{"line":7,"column":2},"end":{"line":7,"column":null}},"loc":{"start":{"line":9,"column":53},"end":{"line":10,"column":6}}},"1":{"name":"(anonymous_3)","decl":{"start":{"line":13,"column":9},"end":{"line":13,"column":14}},"loc":{"start":{"line":13,"column":19},"end":{"line":15,"column":3}}},"2":{"name":"(anonymous_4)","decl":{"start":{"line":18,"column":9},"end":{"line":18,"column":14}},"loc":{"start":{"line":18,"column":20},"end":{"line":20,"column":3}}}},"branchMap":{},"s":{"0":1,"1":1,"2":1,"3":1,"4":1,"5":1,"6":1,"7":1,"8":1,"9":1,"10":1,"11":1},"f":{"0":1,"1":1,"2":1},"b":{}}
,"D:\\BE-NestJS-AppSeed\\src\\Modules\\Jobs\\JobsModule.ts": {"path":"D:\\BE-NestJS-AppSeed\\src\\Modules\\Jobs\\JobsModule.ts","statementMap":{"0":{"start":{"line":1,"column":0},"end":{"line":1,"column":60}},"1":{"start":{"line":2,"column":0},"end":{"line":2,"column":44}},"2":{"start":{"line":3,"column":0},"end":{"line":3,"column":47}},"3":{"start":{"line":4,"column":0},"end":{"line":4,"column":57}},"4":{"start":{"line":5,"column":0},"end":{"line":5,"column":91}},"5":{"start":{"line":6,"column":0},"end":{"line":6,"column":91}},"6":{"start":{"line":7,"column":0},"end":{"line":7,"column":86}},"7":{"start":{"line":8,"column":0},"end":{"line":8,"column":82}},"8":{"start":{"line":9,"column":0},"end":{"line":9,"column":83}},"9":{"start":{"line":10,"column":0},"end":{"line":10,"column":75}},"10":{"start":{"line":13,"column":23},"end":{"line":69,"column":null}},"11":{"start":{"line":15,"column":21},"end":{"line":15,"column":50}},"12":{"start":{"line":16,"column":19},"end":{"line":16,"column":36}},"13":{"start":{"line":18,"column":4},"end":{"line":32,"column":5}},"14":{"start":{"line":19,"column":6},"end":{"line":31,"column":8}},"15":{"start":{"line":26,"column":53},"end":{"line":26,"column":88}},"16":{"start":{"line":34,"column":4},"end":{"line":67,"column":6}},"17":{"start":{"line":41,"column":24},"end":{"line":41,"column":62}},"18":{"start":{"line":42,"column":27},"end":{"line":42,"column":86}},"19":{"start":{"line":43,"column":12},"end":{"line":51,"column":14}},"20":{"start":{"line":48,"column":51},"end":{"line":48,"column":73}},"21":{"start":{"line":62,"column":51},"end":{"line":62,"column":86}},"22":{"start":{"line":13,"column":13},"end":{"line":13,"column":23}},"23":{"start":{"line":13,"column":13},"end":{"line":69,"column":null}}},"fnMap":{"0":{"name":"(anonymous_1)","decl":{"start":{"line":14,"column":9},"end":{"line":14,"column":15}},"loc":{"start":{"line":14,"column":24},"end":{"line":68,"column":3}}},"1":{"name":"(anonymous_2)","decl":{"start":{"line":26,"column":24},"end":{"line":26,"column":25}},"loc":{"start":{"line":26,"column":53},"end":{"line":26,"column":88}}},"2":{"name":"(anonymous_3)","decl":{"start":{"line":40,"column":22},"end":{"line":40,"column":23}},"loc":{"start":{"line":40,"column":55},"end":{"line":52,"column":11}}},"3":{"name":"(anonymous_4)","decl":{"start":{"line":48,"column":31},"end":{"line":48,"column":32}},"loc":{"start":{"line":48,"column":51},"end":{"line":48,"column":73}}},"4":{"name":"(anonymous_5)","decl":{"start":{"line":62,"column":22},"end":{"line":62,"column":23}},"loc":{"start":{"line":62,"column":51},"end":{"line":62,"column":86}}}},"branchMap":{"0":{"loc":{"start":{"line":18,"column":4},"end":{"line":32,"column":5}},"type":"if","locations":[{"start":{"line":18,"column":4},"end":{"line":32,"column":5}}]},"1":{"loc":{"start":{"line":42,"column":27},"end":{"line":42,"column":86}},"type":"binary-expr","locations":[{"start":{"line":42,"column":27},"end":{"line":42,"column":73}},{"start":{"line":42,"column":77},"end":{"line":42,"column":86}}]},"2":{"loc":{"start":{"line":48,"column":51},"end":{"line":48,"column":73}},"type":"cond-expr","locations":[{"start":{"line":48,"column":63},"end":{"line":48,"column":66}},{"start":{"line":48,"column":69},"end":{"line":48,"column":73}}]}},"s":{"0":1,"1":1,"2":1,"3":1,"4":1,"5":1,"6":1,"7":1,"8":1,"9":1,"10":1,"11":2,"12":2,"13":2,"14":1,"15":0,"16":1,"17":0,"18":0,"19":0,"20":0,"21":0,"22":1,"23":1},"f":{"0":2,"1":0,"2":0,"3":0,"4":0},"b":{"0":[1],"1":[0,0],"2":[0,0]}}
,"D:\\BE-NestJS-AppSeed\\src\\Modules\\Jobs\\Application\\UseCases\\EnqueueExampleJobUseCase.ts": {"path":"D:\\BE-NestJS-AppSeed\\src\\Modules\\Jobs\\Application\\UseCases\\EnqueueExampleJobUseCase.ts","statementMap":{"0":{"start":{"line":8,"column":31},"end":{"line":8,"column":54}},"1":{"start":{"line":11,"column":4},"end":{"line":11,"column":45}},"2":{"start":{"line":7,"column":0},"end":{"line":7,"column":13}}},"fnMap":{"0":{"name":"(anonymous_0)","decl":{"start":{"line":8,"column":2},"end":{"line":8,"column":31}},"loc":{"start":{"line":8,"column":54},"end":{"line":8,"column":58}}},"1":{"name":"(anonymous_1)","decl":{"start":{"line":10,"column":9},"end":{"line":10,"column":14}},"loc":{"start":{"line":10,"column":56},"end":{"line":12,"column":3}}}},"branchMap":{},"s":{"0":1,"1":1,"2":3},"f":{"0":1,"1":1},"b":{}}
,"D:\\BE-NestJS-AppSeed\\src\\Modules\\Jobs\\Domain\\Interfaces\\IExampleJobQueue.ts": {"path":"D:\\BE-NestJS-AppSeed\\src\\Modules\\Jobs\\Domain\\Interfaces\\IExampleJobQueue.ts","statementMap":{"0":{"start":{"line":9,"column":13},"end":{"line":9,"column":60}}},"fnMap":{},"branchMap":{},"s":{"0":1},"f":{},"b":{}}
,"D:\\BE-NestJS-AppSeed\\src\\Modules\\Jobs\\Infrastructure\\Queues\\BullMqExampleJobQueue.ts": {"path":"D:\\BE-NestJS-AppSeed\\src\\Modules\\Jobs\\Infrastructure\\Queues\\BullMqExampleJobQueue.ts","statementMap":{"0":{"start":{"line":1,"column":0},"end":{"line":1,"column":44}},"1":{"start":{"line":2,"column":0},"end":{"line":2,"column":45}},"2":{"start":{"line":3,"column":0},"end":{"line":3,"column":31}},"3":{"start":{"line":11,"column":7},"end":{"line":21,"column":null}},"4":{"start":{"line":12,"column":55},"end":{"line":12,"column":69}},"5":{"start":{"line":15,"column":16},"end":{"line":18,"column":6}},"6":{"start":{"line":19,"column":4},"end":{"line":19,"column":37}},"7":{"start":{"line":11,"column":13},"end":{"line":11,"column":34}},"8":{"start":{"line":11,"column":13},"end":{"line":21,"column":null}}},"fnMap":{"0":{"name":"(anonymous_4)","decl":{"start":{"line":12,"column":2},"end":{"line":12,"column":15}},"loc":{"start":{"line":12,"column":74},"end":{"line":12,"column":78}}},"1":{"name":"(anonymous_5)","decl":{"start":{"line":14,"column":9},"end":{"line":14,"column":14}},"loc":{"start":{"line":14,"column":56},"end":{"line":20,"column":3}}}},"branchMap":{},"s":{"0":1,"1":1,"2":1,"3":1,"4":0,"5":0,"6":0,"7":1,"8":1},"f":{"0":0,"1":0},"b":{}}
,"D:\\BE-NestJS-AppSeed\\src\\Modules\\Jobs\\Infrastructure\\Queues\\NoopExampleJobQueue.ts": {"path":"D:\\BE-NestJS-AppSeed\\src\\Modules\\Jobs\\Infrastructure\\Queues\\NoopExampleJobQueue.ts","statementMap":{"0":{"start":{"line":1,"column":0},"end":{"line":1,"column":44}},"1":{"start":{"line":9,"column":7},"end":{"line":14,"column":null}},"2":{"start":{"line":11,"column":4},"end":{"line":11,"column":17}},"3":{"start":{"line":12,"column":4},"end":{"line":12,"column":33}},"4":{"start":{"line":9,"column":13},"end":{"line":9,"column":32}},"5":{"start":{"line":9,"column":13},"end":{"line":14,"column":null}}},"fnMap":{"0":{"name":"(anonymous_1)","decl":{"start":{"line":10,"column":9},"end":{"line":10,"column":14}},"loc":{"start":{"line":10,"column":56},"end":{"line":13,"column":3}}}},"branchMap":{},"s":{"0":2,"1":2,"2":1,"3":1,"4":2,"5":2},"f":{"0":1},"b":{}}
,"D:\\BE-NestJS-AppSeed\\src\\Modules\\Jobs\\Infrastructure\\Workers\\ExampleJobProcessor.ts": {"path":"D:\\BE-NestJS-AppSeed\\src\\Modules\\Jobs\\Infrastructure\\Workers\\ExampleJobProcessor.ts","statementMap":{"0":{"start":{"line":1,"column":0},"end":{"line":1,"column":55}},"1":{"start":{"line":3,"column":0},"end":{"line":3,"column":75}},"2":{"start":{"line":6,"column":7},"end":{"line":27,"column":null}},"3":{"start":{"line":8,"column":4},"end":{"line":8,"column":12}},"4":{"start":{"line":7,"column":31},"end":{"line":7,"column":47}},"5":{"start":{"line":12,"column":4},"end":{"line":18,"column":7}},"6":{"start":{"line":19,"column":4},"end":{"line":25,"column":7}},"7":{"start":{"line":6,"column":13},"end":{"line":6,"column":32}},"8":{"start":{"line":6,"column":13},"end":{"line":27,"column":null}}},"fnMap":{"0":{"name":"(anonymous_2)","decl":{"start":{"line":7,"column":2},"end":{"line":7,"column":31}},"loc":{"start":{"line":7,"column":61},"end":{"line":9,"column":3}}},"1":{"name":"(anonymous_3)","decl":{"start":{"line":11,"column":9},"end":{"line":11,"column":14}},"loc":{"start":{"line":11,"column":52},"end":{"line":26,"column":3}}}},"branchMap":{},"s":{"0":1,"1":1,"2":1,"3":0,"4":0,"5":0,"6":0,"7":1,"8":1},"f":{"0":0,"1":0},"b":{}}
,"D:\\BE-NestJS-AppSeed\\src\\Modules\\Jobs\\Presentation\\Controllers\\JobsController.ts": {"path":"D:\\BE-NestJS-AppSeed\\src\\Modules\\Jobs\\Presentation\\Controllers\\JobsController.ts","statementMap":{"0":{"start":{"line":1,"column":0},"end":{"line":1,"column":56}},"1":{"start":{"line":2,"column":0},"end":{"line":2,"column":95}},"2":{"start":{"line":3,"column":0},"end":{"line":3,"column":74}},"3":{"start":{"line":6,"column":7},"end":{"line":13,"column":null}},"4":{"start":{"line":7,"column":31},"end":{"line":7,"column":57}},"5":{"start":{"line":11,"column":4},"end":{"line":11,"column":85}},"6":{"start":{"line":6,"column":13},"end":{"line":6,"column":27}},"7":{"start":{"line":10,"column":15},"end":{"line":12,"column":null}},"8":{"start":{"line":6,"column":13},"end":{"line":13,"column":null}}},"fnMap":{"0":{"name":"(anonymous_4)","decl":{"start":{"line":7,"column":2},"end":{"line":7,"column":31}},"loc":{"start":{"line":7,"column":81},"end":{"line":7,"column":85}}},"1":{"name":"(anonymous_5)","decl":{"start":{"line":10,"column":9},"end":{"line":10,"column":14}},"loc":{"start":{"line":10,"column":61},"end":{"line":12,"column":3}}}},"branchMap":{},"s":{"0":2,"1":2,"2":2,"3":2,"4":1,"5":1,"6":2,"7":2,"8":2},"f":{"0":1,"1":1},"b":{}}
,"D:\\BE-NestJS-AppSeed\\src\\Modules\\Jobs\\Presentation\\Requests\\EnqueueExampleRequest.ts": {"path":"D:\\BE-NestJS-AppSeed\\src\\Modules\\Jobs\\Presentation\\Requests\\EnqueueExampleRequest.ts","statementMap":{"0":{"start":{"line":1,"column":0},"end":{"line":1,"column":66}},"1":{"start":{"line":3,"column":0},"end":{"line":3,"column":13}},"2":{"start":{"line":7,"column":9},"end":{"line":7,"column":null}}},"fnMap":{},"branchMap":{},"s":{"0":2,"1":2,"2":2},"f":{},"b":{}}
,"D:\\BE-NestJS-AppSeed\\src\\Modules\\Users\\Application\\Mappers\\UserDtoMapper.ts": {"path":"D:\\BE-NestJS-AppSeed\\src\\Modules\\Users\\Application\\Mappers\\UserDtoMapper.ts","statementMap":{"0":{"start":{"line":6,"column":4},"end":{"line":12,"column":6}},"1":{"start":{"line":4,"column":0},"end":{"line":4,"column":13}}},"fnMap":{"0":{"name":"(anonymous_0)","decl":{"start":{"line":5,"column":9},"end":{"line":5,"column":15}},"loc":{"start":{"line":5,"column":38},"end":{"line":13,"column":3}}}},"branchMap":{},"s":{"0":1,"1":2},"f":{"0":1},"b":{}}
,"D:\\BE-NestJS-AppSeed\\src\\Modules\\Users\\Application\\UseCases\\CreateUserUseCase.ts": {"path":"D:\\BE-NestJS-AppSeed\\src\\Modules\\Users\\Application\\UseCases\\CreateUserUseCase.ts","statementMap":{"0":{"start":{"line":1,"column":0},"end":{"line":1,"column":36}},"1":{"start":{"line":2,"column":0},"end":{"line":2,"column":79}},"2":{"start":{"line":3,"column":0},"end":{"line":3,"column":70}},"3":{"start":{"line":4,"column":0},"end":{"line":4,"column":62}},"4":{"start":{"line":8,"column":0},"end":{"line":8,"column":57}},"5":{"start":{"line":11,"column":31},"end":{"line":11,"column":62}},"6":{"start":{"line":14,"column":18},"end":{"line":14,"column":59}},"7":{"start":{"line":15,"column":21},"end":{"line":15,"column":71}},"8":{"start":{"line":16,"column":4},"end":{"line":18,"column":5}},"9":{"start":{"line":17,"column":6},"end":{"line":17,"column":58}},"10":{"start":{"line":20,"column":17},"end":{"line":26,"column":6}},"11":{"start":{"line":28,"column":20},"end":{"line":28,"column":58}},"12":{"start":{"line":29,"column":4},"end":{"line":29,"column":40}},"13":{"start":{"line":10,"column":0},"end":{"line":10,"column":13}}},"fnMap":{"0":{"name":"(anonymous_0)","decl":{"start":{"line":11,"column":2},"end":{"line":11,"column":31}},"loc":{"start":{"line":11,"column":62},"end":{"line":11,"column":66}}},"1":{"name":"(anonymous_1)","decl":{"start":{"line":13,"column":9},"end":{"line":13,"column":14}},"loc":{"start":{"line":13,"column":45},"end":{"line":30,"column":3}}}},"branchMap":{"0":{"loc":{"start":{"line":16,"column":4},"end":{"line":18,"column":5}},"type":"if","locations":[{"start":{"line":16,"column":4},"end":{"line":18,"column":5}}]}},"s":{"0":2,"1":2,"2":2,"3":2,"4":2,"5":2,"6":2,"7":2,"8":2,"9":1,"10":1,"11":1,"12":1,"13":2},"f":{"0":2,"1":2},"b":{"0":[1]}}
,"D:\\BE-NestJS-AppSeed\\src\\Modules\\Users\\Application\\UseCases\\DeleteUserUseCase.ts": {"path":"D:\\BE-NestJS-AppSeed\\src\\Modules\\Users\\Application\\UseCases\\DeleteUserUseCase.ts","statementMap":{"0":{"start":{"line":1,"column":0},"end":{"line":1,"column":79}},"1":{"start":{"line":5,"column":31},"end":{"line":5,"column":62}},"2":{"start":{"line":8,"column":21},"end":{"line":8,"column":59}},"3":{"start":{"line":9,"column":4},"end":{"line":11,"column":5}},"4":{"start":{"line":10,"column":6},"end":{"line":10,"column":52}},"5":{"start":{"line":12,"column":4},"end":{"line":12,"column":41}},"6":{"start":{"line":4,"column":0},"end":{"line":4,"column":13}}},"fnMap":{"0":{"name":"(anonymous_0)","decl":{"start":{"line":5,"column":2},"end":{"line":5,"column":31}},"loc":{"start":{"line":5,"column":62},"end":{"line":5,"column":66}}},"1":{"name":"(anonymous_1)","decl":{"start":{"line":7,"column":9},"end":{"line":7,"column":14}},"loc":{"start":{"line":7,"column":33},"end":{"line":13,"column":3}}}},"branchMap":{"0":{"loc":{"start":{"line":9,"column":4},"end":{"line":11,"column":5}},"type":"if","locations":[{"start":{"line":9,"column":4},"end":{"line":11,"column":5}}]}},"s":{"0":1,"1":0,"2":0,"3":0,"4":0,"5":0,"6":1},"f":{"0":0,"1":0},"b":{"0":[0]}}
,"D:\\BE-NestJS-AppSeed\\src\\Modules\\Users\\Application\\UseCases\\GetUserByIdUseCase.ts": {"path":"D:\\BE-NestJS-AppSeed\\src\\Modules\\Users\\Application\\UseCases\\GetUserByIdUseCase.ts","statementMap":{"0":{"start":{"line":1,"column":0},"end":{"line":1,"column":79}},"1":{"start":{"line":4,"column":0},"end":{"line":4,"column":57}},"2":{"start":{"line":7,"column":31},"end":{"line":7,"column":62}},"3":{"start":{"line":10,"column":17},"end":{"line":10,"column":55}},"4":{"start":{"line":11,"column":4},"end":{"line":13,"column":5}},"5":{"start":{"line":12,"column":6},"end":{"line":12,"column":52}},"6":{"start":{"line":14,"column":4},"end":{"line":14,"column":37}},"7":{"start":{"line":6,"column":0},"end":{"line":6,"column":13}}},"fnMap":{"0":{"name":"(anonymous_0)","decl":{"start":{"line":7,"column":2},"end":{"line":7,"column":31}},"loc":{"start":{"line":7,"column":62},"end":{"line":7,"column":66}}},"1":{"name":"(anonymous_1)","decl":{"start":{"line":9,"column":9},"end":{"line":9,"column":14}},"loc":{"start":{"line":9,"column":33},"end":{"line":15,"column":3}}}},"branchMap":{"0":{"loc":{"start":{"line":11,"column":4},"end":{"line":13,"column":5}},"type":"if","locations":[{"start":{"line":11,"column":4},"end":{"line":13,"column":5}}]}},"s":{"0":1,"1":1,"2":0,"3":0,"4":0,"5":0,"6":0,"7":1},"f":{"0":0,"1":0},"b":{"0":[0]}}
,"D:\\BE-NestJS-AppSeed\\src\\Modules\\Users\\Application\\UseCases\\ListUsersUseCase.ts": {"path":"D:\\BE-NestJS-AppSeed\\src\\Modules\\Users\\Application\\UseCases\\ListUsersUseCase.ts","statementMap":{"0":{"start":{"line":1,"column":0},"end":{"line":1,"column":85}},"1":{"start":{"line":4,"column":0},"end":{"line":4,"column":57}},"2":{"start":{"line":7,"column":31},"end":{"line":7,"column":62}},"3":{"start":{"line":13,"column":19},"end":{"line":13,"column":80}},"4":{"start":{"line":14,"column":19},"end":{"line":14,"column":75}},"5":{"start":{"line":16,"column":4},"end":{"line":16,"column":113}},"6":{"start":{"line":6,"column":0},"end":{"line":6,"column":13}}},"fnMap":{"0":{"name":"(anonymous_0)","decl":{"start":{"line":7,"column":2},"end":{"line":7,"column":31}},"loc":{"start":{"line":7,"column":62},"end":{"line":7,"column":66}}},"1":{"name":"(anonymous_1)","decl":{"start":{"line":9,"column":9},"end":{"line":9,"column":14}},"loc":{"start":{"line":9,"column":66},"end":{"line":17,"column":3}}}},"branchMap":{},"s":{"0":1,"1":1,"2":0,"3":0,"4":0,"5":0,"6":1},"f":{"0":0,"1":0},"b":{}}
,"D:\\BE-NestJS-AppSeed\\src\\Modules\\Users\\Application\\UseCases\\UpdateUserUseCase.ts": {"path":"D:\\BE-NestJS-AppSeed\\src\\Modules\\Users\\Application\\UseCases\\UpdateUserUseCase.ts","statementMap":{"0":{"start":{"line":1,"column":0},"end":{"line":1,"column":98}},"1":{"start":{"line":2,"column":0},"end":{"line":2,"column":70}},"2":{"start":{"line":6,"column":0},"end":{"line":6,"column":57}},"3":{"start":{"line":9,"column":31},"end":{"line":9,"column":62}},"4":{"start":{"line":12,"column":17},"end":{"line":12,"column":63}},"5":{"start":{"line":13,"column":4},"end":{"line":15,"column":5}},"6":{"start":{"line":14,"column":6},"end":{"line":14,"column":52}},"7":{"start":{"line":17,"column":4},"end":{"line":24,"column":5}},"8":{"start":{"line":18,"column":20},"end":{"line":18,"column":61}},"9":{"start":{"line":19,"column":23},"end":{"line":19,"column":73}},"10":{"start":{"line":20,"column":6},"end":{"line":22,"column":7}},"11":{"start":{"line":21,"column":8},"end":{"line":21,"column":60}},"12":{"start":{"line":23,"column":6},"end":{"line":23,"column":32}},"13":{"start":{"line":26,"column":4},"end":{"line":26,"column":76}},"14":{"start":{"line":26,"column":41},"end":{"line":26,"column":76}},"15":{"start":{"line":27,"column":4},"end":{"line":27,"column":73}},"16":{"start":{"line":27,"column":40},"end":{"line":27,"column":73}},"17":{"start":{"line":29,"column":4},"end":{"line":29,"column":43}},"18":{"start":{"line":30,"column":20},"end":{"line":30,"column":63}},"19":{"start":{"line":31,"column":4},"end":{"line":33,"column":5}},"20":{"start":{"line":32,"column":6},"end":{"line":32,"column":52}},"21":{"start":{"line":34,"column":4},"end":{"line":34,"column":40}},"22":{"start":{"line":8,"column":0},"end":{"line":8,"column":13}}},"fnMap":{"0":{"name":"(anonymous_0)","decl":{"start":{"line":9,"column":2},"end":{"line":9,"column":31}},"loc":{"start":{"line":9,"column":62},"end":{"line":9,"column":66}}},"1":{"name":"(anonymous_1)","decl":{"start":{"line":11,"column":9},"end":{"line":11,"column":14}},"loc":{"start":{"line":11,"column":45},"end":{"line":35,"column":3}}}},"branchMap":{"0":{"loc":{"start":{"line":13,"column":4},"end":{"line":15,"column":5}},"type":"if","locations":[{"start":{"line":13,"column":4},"end":{"line":15,"column":5}}]},"1":{"loc":{"start":{"line":17,"column":4},"end":{"line":24,"column":5}},"type":"if","locations":[{"start":{"line":17,"column":4},"end":{"line":24,"column":5}}]},"2":{"loc":{"start":{"line":20,"column":6},"end":{"line":22,"column":7}},"type":"if","locations":[{"start":{"line":20,"column":6},"end":{"line":22,"column":7}}]},"3":{"loc":{"start":{"line":20,"column":10},"end":{"line":20,"column":45}},"type":"binary-expr","locations":[{"start":{"line":20,"column":10},"end":{"line":20,"column":18}},{"start":{"line":20,"column":22},"end":{"line":20,"column":45}}]},"4":{"loc":{"start":{"line":26,"column":4},"end":{"line":26,"column":76}},"type":"if","locations":[{"start":{"line":26,"column":4},"end":{"line":26,"column":76}}]},"5":{"loc":{"start":{"line":27,"column":4},"end":{"line":27,"column":73}},"type":"if","locations":[{"start":{"line":27,"column":4},"end":{"line":27,"column":73}}]},"6":{"loc":{"start":{"line":31,"column":4},"end":{"line":33,"column":5}},"type":"if","locations":[{"start":{"line":31,"column":4},"end":{"line":33,"column":5}}]}},"s":{"0":1,"1":1,"2":1,"3":0,"4":0,"5":0,"6":0,"7":0,"8":0,"9":0,"10":0,"11":0,"12":0,"13":0,"14":0,"15":0,"16":0,"17":0,"18":0,"19":0,"20":0,"21":0,"22":1},"f":{"0":0,"1":0},"b":{"0":[0],"1":[0],"2":[0],"3":[0,0],"4":[0],"5":[0],"6":[0]}}
,"D:\\BE-NestJS-AppSeed\\src\\Modules\\Users\\Domain\\Entities\\UserEntity.ts": {"path":"D:\\BE-NestJS-AppSeed\\src\\Modules\\Users\\Domain\\Entities\\UserEntity.ts","statementMap":{"0":{"start":{"line":2,"column":0},"end":{"line":2,"column":57}},"1":{"start":{"line":22,"column":4},"end":{"line":22,"column":24}},"2":{"start":{"line":23,"column":4},"end":{"line":23,"column":38}},"3":{"start":{"line":24,"column":4},"end":{"line":24,"column":36}},"4":{"start":{"line":25,"column":4},"end":{"line":25,"column":44}},"5":{"start":{"line":26,"column":4},"end":{"line":26,"column":52}},"6":{"start":{"line":27,"column":4},"end":{"line":27,"column":41}},"7":{"start":{"line":28,"column":4},"end":{"line":28,"column":38}},"8":{"start":{"line":4,"column":0},"end":{"line":4,"column":13}}},"fnMap":{"0":{"name":"(anonymous_0)","decl":{"start":{"line":13,"column":2},"end":{"line":13,"column":14}},"loc":{"start":{"line":21,"column":3},"end":{"line":29,"column":3}}}},"branchMap":{"0":{"loc":{"start":{"line":26,"column":24},"end":{"line":26,"column":51}},"type":"binary-expr","locations":[{"start":{"line":26,"column":24},"end":{"line":26,"column":43}},{"start":{"line":26,"column":47},"end":{"line":26,"column":51}}]},"1":{"loc":{"start":{"line":27,"column":16},"end":{"line":27,"column":40}},"type":"binary-expr","locations":[{"start":{"line":27,"column":16},"end":{"line":27,"column":27}},{"start":{"line":27,"column":31},"end":{"line":27,"column":40}}]}},"s":{"0":5,"1":6,"2":6,"3":6,"4":6,"5":6,"6":6,"7":6,"8":5},"f":{"0":6},"b":{"0":[6,2],"1":[6,2]}}
,"D:\\BE-NestJS-AppSeed\\src\\Modules\\Users\\Domain\\ValueObjects\\EmailAddress.ts": {"path":"D:\\BE-NestJS-AppSeed\\src\\Modules\\Users\\Domain\\ValueObjects\\EmailAddress.ts","statementMap":{"0":{"start":{"line":5,"column":4},"end":{"line":5,"column":23}},"1":{"start":{"line":9,"column":23},"end":{"line":9,"column":55}},"2":{"start":{"line":10,"column":4},"end":{"line":12,"column":5}},"3":{"start":{"line":11,"column":6},"end":{"line":11,"column":47}},"4":{"start":{"line":13,"column":4},"end":{"line":13,"column":40}},"5":{"start":{"line":17,"column":4},"end":{"line":17,"column":29}},"6":{"start":{"line":17,"column":16},"end":{"line":17,"column":29}},"7":{"start":{"line":19,"column":4},"end":{"line":19,"column":52}},"8":{"start":{"line":1,"column":0},"end":{"line":1,"column":13}}},"fnMap":{"0":{"name":"(anonymous_0)","decl":{"start":{"line":4,"column":2},"end":{"line":4,"column":22}},"loc":{"start":{"line":4,"column":35},"end":{"line":6,"column":3}}},"1":{"name":"(anonymous_1)","decl":{"start":{"line":8,"column":9},"end":{"line":8,"column":15}},"loc":{"start":{"line":8,"column":34},"end":{"line":14,"column":3}}},"2":{"name":"(anonymous_2)","decl":{"start":{"line":16,"column":9},"end":{"line":16,"column":15}},"loc":{"start":{"line":16,"column":37},"end":{"line":20,"column":3}}}},"branchMap":{"0":{"loc":{"start":{"line":9,"column":24},"end":{"line":9,"column":33}},"type":"binary-expr","locations":[{"start":{"line":9,"column":24},"end":{"line":9,"column":27}},{"start":{"line":9,"column":31},"end":{"line":9,"column":33}}]},"1":{"loc":{"start":{"line":10,"column":4},"end":{"line":12,"column":5}},"type":"if","locations":[{"start":{"line":10,"column":4},"end":{"line":12,"column":5}}]},"2":{"loc":{"start":{"line":17,"column":4},"end":{"line":17,"column":29}},"type":"if","locations":[{"start":{"line":17,"column":4},"end":{"line":17,"column":29}}]}},"s":{"0":9,"1":10,"2":10,"3":1,"4":9,"5":10,"6":0,"7":10,"8":6},"f":{"0":9,"1":10,"2":10},"b":{"0":[10,0],"1":[1],"2":[0]}}
,"D:\\BE-NestJS-AppSeed\\src\\Modules\\Users\\Presentation\\Controllers\\UserController.ts": {"path":"D:\\BE-NestJS-AppSeed\\src\\Modules\\Users\\Presentation\\Controllers\\UserController.ts","statementMap":{"0":{"start":{"line":1,"column":0},"end":{"line":1,"column":90}},"1":{"start":{"line":2,"column":0},"end":{"line":2,"column":81}},"2":{"start":{"line":3,"column":0},"end":{"line":3,"column":81}},"3":{"start":{"line":4,"column":0},"end":{"line":4,"column":83}},"4":{"start":{"line":5,"column":0},"end":{"line":5,"column":79}},"5":{"start":{"line":6,"column":0},"end":{"line":6,"column":81}},"6":{"start":{"line":7,"column":0},"end":{"line":7,"column":66}},"7":{"start":{"line":8,"column":0},"end":{"line":8,"column":60}},"8":{"start":{"line":9,"column":0},"end":{"line":9,"column":66}},"9":{"start":{"line":12,"column":7},"end":{"line":46,"column":null}},"10":{"start":{"line":14,"column":21},"end":{"line":14,"column":40}},"11":{"start":{"line":15,"column":21},"end":{"line":15,"column":41}},"12":{"start":{"line":16,"column":21},"end":{"line":16,"column":39}},"13":{"start":{"line":17,"column":21},"end":{"line":17,"column":40}},"14":{"start":{"line":18,"column":21},"end":{"line":18,"column":40}},"15":{"start":{"line":23,"column":4},"end":{"line":23,"column":57}},"16":{"start":{"line":28,"column":4},"end":{"line":28,"column":53}},"17":{"start":{"line":33,"column":4},"end":{"line":33,"column":54}},"18":{"start":{"line":38,"column":4},"end":{"line":38,"column":72}},"19":{"start":{"line":43,"column":4},"end":{"line":43,"column":45}},"20":{"start":{"line":44,"column":4},"end":{"line":44,"column":29}},"21":{"start":{"line":12,"column":13},"end":{"line":12,"column":27}},"22":{"start":{"line":22,"column":15},"end":{"line":24,"column":null}},"23":{"start":{"line":27,"column":15},"end":{"line":29,"column":null}},"24":{"start":{"line":32,"column":15},"end":{"line":34,"column":null}},"25":{"start":{"line":37,"column":15},"end":{"line":39,"column":null}},"26":{"start":{"line":42,"column":15},"end":{"line":45,"column":null}},"27":{"start":{"line":12,"column":13},"end":{"line":46,"column":null}}},"fnMap":{"0":{"name":"(anonymous_4)","decl":{"start":{"line":13,"column":2},"end":{"line":13,"column":null}},"loc":{"start":{"line":18,"column":57},"end":{"line":19,"column":6}}},"1":{"name":"(anonymous_5)","decl":{"start":{"line":22,"column":9},"end":{"line":22,"column":14}},"loc":{"start":{"line":22,"column":56},"end":{"line":24,"column":3}}},"2":{"name":"(anonymous_6)","decl":{"start":{"line":27,"column":9},"end":{"line":27,"column":14}},"loc":{"start":{"line":27,"column":46},"end":{"line":29,"column":3}}},"3":{"name":"(anonymous_7)","decl":{"start":{"line":32,"column":9},"end":{"line":32,"column":14}},"loc":{"start":{"line":32,"column":50},"end":{"line":34,"column":3}}},"4":{"name":"(anonymous_8)","decl":{"start":{"line":37,"column":9},"end":{"line":37,"column":14}},"loc":{"start":{"line":37,"column":81},"end":{"line":39,"column":3}}},"5":{"name":"(anonymous_9)","decl":{"start":{"line":42,"column":9},"end":{"line":42,"column":14}},"loc":{"start":{"line":42,"column":45},"end":{"line":45,"column":3}}}},"branchMap":{},"s":{"0":1,"1":1,"2":1,"3":1,"4":1,"5":1,"6":1,"7":1,"8":1,"9":1,"10":1,"11":1,"12":1,"13":1,"14":1,"15":1,"16":1,"17":0,"18":0,"19":0,"20":0,"21":1,"22":1,"23":1,"24":1,"25":1,"26":1,"27":1},"f":{"0":1,"1":1,"2":1,"3":0,"4":0,"5":0},"b":{}}
,"D:\\BE-NestJS-AppSeed\\src\\Modules\\Users\\Presentation\\Requests\\CreateUserRequest.ts": {"path":"D:\\BE-NestJS-AppSeed\\src\\Modules\\Users\\Presentation\\Requests\\CreateUserRequest.ts","statementMap":{"0":{"start":{"line":1,"column":0},"end":{"line":1,"column":75}},"1":{"start":{"line":3,"column":0},"end":{"line":3,"column":13}},"2":{"start":{"line":7,"column":9},"end":{"line":7,"column":null}},"3":{"start":{"line":12,"column":9},"end":{"line":12,"column":null}},"4":{"start":{"line":17,"column":9},"end":{"line":17,"column":null}}},"fnMap":{},"branchMap":{},"s":{"0":1,"1":1,"2":1,"3":1,"4":1},"f":{},"b":{}}
,"D:\\BE-NestJS-AppSeed\\src\\Modules\\Users\\Presentation\\Requests\\ListUsersQuery.ts": {"path":"D:\\BE-NestJS-AppSeed\\src\\Modules\\Users\\Presentation\\Requests\\ListUsersQuery.ts","statementMap":{"0":{"start":{"line":1,"column":0},"end":{"line":1,"column":41}},"1":{"start":{"line":2,"column":0},"end":{"line":2,"column":62}},"2":{"start":{"line":4,"column":0},"end":{"line":4,"column":13}},"3":{"start":{"line":9,"column":9},"end":{"line":9,"column":null}},"4":{"start":{"line":6,"column":14},"end":{"line":6,"column":20}},"5":{"start":{"line":16,"column":9},"end":{"line":16,"column":null}},"6":{"start":{"line":12,"column":14},"end":{"line":12,"column":20}}},"fnMap":{"0":{"name":"(anonymous_2)","decl":{"start":{"line":6,"column":8},"end":{"line":6,"column":11}},"loc":{"start":{"line":6,"column":14},"end":{"line":6,"column":20}}},"1":{"name":"(anonymous_3)","decl":{"start":{"line":12,"column":8},"end":{"line":12,"column":11}},"loc":{"start":{"line":12,"column":14},"end":{"line":12,"column":20}}}},"branchMap":{},"s":{"0":1,"1":1,"2":1,"3":1,"4":0,"5":1,"6":0},"f":{"0":0,"1":0},"b":{}}
,"D:\\BE-NestJS-AppSeed\\src\\Modules\\Users\\Presentation\\Requests\\UpdateUserRequest.ts": {"path":"D:\\BE-NestJS-AppSeed\\src\\Modules\\Users\\Presentation\\Requests\\UpdateUserRequest.ts","statementMap":{"0":{"start":{"line":1,"column":0},"end":{"line":1,"column":75}},"1":{"start":{"line":3,"column":0},"end":{"line":3,"column":13}},"2":{"start":{"line":7,"column":9},"end":{"line":7,"column":null}},"3":{"start":{"line":12,"column":9},"end":{"line":12,"column":null}},"4":{"start":{"line":17,"column":9},"end":{"line":17,"column":null}}},"fnMap":{},"branchMap":{},"s":{"0":1,"1":1,"2":1,"3":1,"4":1},"f":{},"b":{}}
}
